[0.169s] DEBUG:colcon:Command line arguments: ['/usr/bin/colcon', 'build']
[0.169s] DEBUG:colcon:Parsed command line arguments: Namespace(log_base=None, log_level=None, verb_name='build', build_base='build', install_base='install', merge_install=False, symlink_install=False, test_result_base=None, continue_on_error=False, executor='parallel', parallel_workers=4, event_handlers=None, ignore_user_meta=False, metas=['./colcon.meta'], base_paths=['.'], packages_ignore=None, packages_ignore_regex=None, paths=None, packages_up_to=None, packages_up_to_regex=None, packages_above=None, packages_above_and_dependencies=None, packages_above_depth=None, packages_select_by_dep=None, packages_skip_by_dep=None, packages_skip_up_to=None, packages_select_build_failed=False, packages_skip_build_finished=False, packages_select_test_failures=False, packages_skip_test_passed=False, packages_select=None, packages_skip=None, packages_select_regex=None, packages_skip_regex=None, packages_start=None, packages_end=None, allow_overriding=[], cmake_args=None, cmake_target=None, cmake_target_skip_unavailable=False, cmake_clean_cache=False, cmake_clean_first=False, cmake_force_configure=False, ament_cmake_args=None, catkin_cmake_args=None, catkin_skip_building_tests=False, verb_parser=<colcon_defaults.argument_parser.defaults.DefaultArgumentsDecorator object at 0x7ffa5de2b2e0>, verb_extension=<colcon_core.verb.build.BuildVerb object at 0x7ffa5de2a2c0>, main=<bound method BuildVerb.main of <colcon_core.verb.build.BuildVerb object at 0x7ffa5de2a2c0>>)
[0.518s] Level 1:colcon.colcon_core.package_discovery:discover_packages(colcon_meta) check parameters
[0.519s] Level 1:colcon.colcon_core.package_discovery:discover_packages(recursive) check parameters
[0.519s] Level 1:colcon.colcon_core.package_discovery:discover_packages(ignore) check parameters
[0.519s] Level 1:colcon.colcon_core.package_discovery:discover_packages(path) check parameters
[0.519s] Level 1:colcon.colcon_core.package_discovery:discover_packages(colcon_meta) discover
[0.519s] Level 1:colcon.colcon_core.package_discovery:discover_packages(recursive) discover
[0.519s] INFO:colcon.colcon_core.package_discovery:Crawling recursively for packages in '/home/sbzrobot/ROS2-Projects/My-ROS2-Humble/tinybot_ws'
[0.519s] Level 1:colcon.colcon_core.package_identification:_identify(.) by extensions ['ignore', 'ignore_ament_install']
[0.519s] Level 1:colcon.colcon_core.package_identification:_identify(.) by extension 'ignore'
[0.519s] Level 1:colcon.colcon_core.package_identification:_identify(.) by extension 'ignore_ament_install'
[0.519s] Level 1:colcon.colcon_core.package_identification:_identify(.) by extensions ['colcon_pkg']
[0.519s] Level 1:colcon.colcon_core.package_identification:_identify(.) by extension 'colcon_pkg'
[0.520s] Level 1:colcon.colcon_core.package_identification:_identify(.) by extensions ['colcon_meta']
[0.520s] Level 1:colcon.colcon_core.package_identification:_identify(.) by extension 'colcon_meta'
[0.520s] Level 1:colcon.colcon_core.package_identification:_identify(.) by extensions ['ros']
[0.520s] Level 1:colcon.colcon_core.package_identification:_identify(.) by extension 'ros'
[0.539s] Level 1:colcon.colcon_core.package_identification:_identify(.) by extensions ['cmake', 'python']
[0.539s] Level 1:colcon.colcon_core.package_identification:_identify(.) by extension 'cmake'
[0.539s] Level 1:colcon.colcon_core.package_identification:_identify(.) by extension 'python'
[0.539s] Level 1:colcon.colcon_core.package_identification:_identify(.) by extensions ['python_setup_py']
[0.539s] Level 1:colcon.colcon_core.package_identification:_identify(.) by extension 'python_setup_py'
[0.540s] Level 1:colcon.colcon_core.package_identification:_identify(build) by extensions ['ignore', 'ignore_ament_install']
[0.540s] Level 1:colcon.colcon_core.package_identification:_identify(build) by extension 'ignore'
[0.540s] Level 1:colcon.colcon_core.package_identification:_identify(build) ignored
[0.540s] Level 1:colcon.colcon_core.package_identification:_identify(install) by extensions ['ignore', 'ignore_ament_install']
[0.540s] Level 1:colcon.colcon_core.package_identification:_identify(install) by extension 'ignore'
[0.541s] Level 1:colcon.colcon_core.package_identification:_identify(install) ignored
[0.541s] Level 1:colcon.colcon_core.package_identification:_identify(log) by extensions ['ignore', 'ignore_ament_install']
[0.541s] Level 1:colcon.colcon_core.package_identification:_identify(log) by extension 'ignore'
[0.541s] Level 1:colcon.colcon_core.package_identification:_identify(log) ignored
[0.541s] Level 1:colcon.colcon_core.package_identification:_identify(src) by extensions ['ignore', 'ignore_ament_install']
[0.541s] Level 1:colcon.colcon_core.package_identification:_identify(src) by extension 'ignore'
[0.541s] Level 1:colcon.colcon_core.package_identification:_identify(src) by extension 'ignore_ament_install'
[0.541s] Level 1:colcon.colcon_core.package_identification:_identify(src) by extensions ['colcon_pkg']
[0.541s] Level 1:colcon.colcon_core.package_identification:_identify(src) by extension 'colcon_pkg'
[0.541s] Level 1:colcon.colcon_core.package_identification:_identify(src) by extensions ['colcon_meta']
[0.542s] Level 1:colcon.colcon_core.package_identification:_identify(src) by extension 'colcon_meta'
[0.542s] Level 1:colcon.colcon_core.package_identification:_identify(src) by extensions ['ros']
[0.542s] Level 1:colcon.colcon_core.package_identification:_identify(src) by extension 'ros'
[0.542s] Level 1:colcon.colcon_core.package_identification:_identify(src) by extensions ['cmake', 'python']
[0.542s] Level 1:colcon.colcon_core.package_identification:_identify(src) by extension 'cmake'
[0.542s] Level 1:colcon.colcon_core.package_identification:_identify(src) by extension 'python'
[0.542s] Level 1:colcon.colcon_core.package_identification:_identify(src) by extensions ['python_setup_py']
[0.542s] Level 1:colcon.colcon_core.package_identification:_identify(src) by extension 'python_setup_py'
[0.542s] Level 1:colcon.colcon_core.package_identification:_identify(src/tinybot_bringup) by extensions ['ignore', 'ignore_ament_install']
[0.542s] Level 1:colcon.colcon_core.package_identification:_identify(src/tinybot_bringup) by extension 'ignore'
[0.542s] Level 1:colcon.colcon_core.package_identification:_identify(src/tinybot_bringup) by extension 'ignore_ament_install'
[0.542s] Level 1:colcon.colcon_core.package_identification:_identify(src/tinybot_bringup) by extensions ['colcon_pkg']
[0.543s] Level 1:colcon.colcon_core.package_identification:_identify(src/tinybot_bringup) by extension 'colcon_pkg'
[0.543s] Level 1:colcon.colcon_core.package_identification:_identify(src/tinybot_bringup) by extensions ['colcon_meta']
[0.543s] Level 1:colcon.colcon_core.package_identification:_identify(src/tinybot_bringup) by extension 'colcon_meta'
[0.543s] Level 1:colcon.colcon_core.package_identification:_identify(src/tinybot_bringup) by extensions ['ros']
[0.543s] Level 1:colcon.colcon_core.package_identification:_identify(src/tinybot_bringup) by extension 'ros'
[0.546s] DEBUG:colcon.colcon_core.package_identification:Package 'src/tinybot_bringup' with type 'ros.ament_cmake' and name 'tinybot_bringup'
[0.547s] Level 1:colcon.colcon_core.package_identification:_identify(src/tinybot_description) by extensions ['ignore', 'ignore_ament_install']
[0.547s] Level 1:colcon.colcon_core.package_identification:_identify(src/tinybot_description) by extension 'ignore'
[0.547s] Level 1:colcon.colcon_core.package_identification:_identify(src/tinybot_description) by extension 'ignore_ament_install'
[0.547s] Level 1:colcon.colcon_core.package_identification:_identify(src/tinybot_description) by extensions ['colcon_pkg']
[0.547s] Level 1:colcon.colcon_core.package_identification:_identify(src/tinybot_description) by extension 'colcon_pkg'
[0.547s] Level 1:colcon.colcon_core.package_identification:_identify(src/tinybot_description) by extensions ['colcon_meta']
[0.547s] Level 1:colcon.colcon_core.package_identification:_identify(src/tinybot_description) by extension 'colcon_meta'
[0.547s] Level 1:colcon.colcon_core.package_identification:_identify(src/tinybot_description) by extensions ['ros']
[0.547s] Level 1:colcon.colcon_core.package_identification:_identify(src/tinybot_description) by extension 'ros'
[0.548s] DEBUG:colcon.colcon_core.package_identification:Package 'src/tinybot_description' with type 'ros.ament_cmake' and name 'tinybot_description'
[0.548s] Level 1:colcon.colcon_core.package_discovery:discover_packages(recursive) using defaults
[0.548s] Level 1:colcon.colcon_core.package_discovery:discover_packages(ignore) discover
[0.548s] Level 1:colcon.colcon_core.package_discovery:discover_packages(ignore) using defaults
[0.548s] Level 1:colcon.colcon_core.package_discovery:discover_packages(path) discover
[0.548s] Level 1:colcon.colcon_core.package_discovery:discover_packages(path) using defaults
[0.581s] Level 1:colcon.colcon_core.package_discovery:discover_packages(prefix_path) check parameters
[0.581s] Level 1:colcon.colcon_core.package_discovery:discover_packages(prefix_path) discover
[0.585s] DEBUG:colcon.colcon_installed_package_information.package_discovery:Found 2 installed packages in /home/sbzrobot/ROS2-Projects/My-ROS2-Humble/tinybot_ws/install
[0.588s] DEBUG:colcon.colcon_installed_package_information.package_discovery:Found 358 installed packages in /opt/ros/humble
[0.602s] Level 1:colcon.colcon_core.package_discovery:discover_packages(prefix_path) using defaults
[0.674s] Level 5:colcon.colcon_core.verb:set package 'tinybot_description' build argument 'cmake_args' from command line to 'None'
[0.674s] Level 5:colcon.colcon_core.verb:set package 'tinybot_description' build argument 'cmake_target' from command line to 'None'
[0.674s] Level 5:colcon.colcon_core.verb:set package 'tinybot_description' build argument 'cmake_target_skip_unavailable' from command line to 'False'
[0.674s] Level 5:colcon.colcon_core.verb:set package 'tinybot_description' build argument 'cmake_clean_cache' from command line to 'False'
[0.674s] Level 5:colcon.colcon_core.verb:set package 'tinybot_description' build argument 'cmake_clean_first' from command line to 'False'
[0.674s] Level 5:colcon.colcon_core.verb:set package 'tinybot_description' build argument 'cmake_force_configure' from command line to 'False'
[0.674s] Level 5:colcon.colcon_core.verb:set package 'tinybot_description' build argument 'ament_cmake_args' from command line to 'None'
[0.674s] Level 5:colcon.colcon_core.verb:set package 'tinybot_description' build argument 'catkin_cmake_args' from command line to 'None'
[0.674s] Level 5:colcon.colcon_core.verb:set package 'tinybot_description' build argument 'catkin_skip_building_tests' from command line to 'False'
[0.674s] DEBUG:colcon.colcon_core.verb:Building package 'tinybot_description' with the following arguments: {'ament_cmake_args': None, 'build_base': '/home/sbzrobot/ROS2-Projects/My-ROS2-Humble/tinybot_ws/build/tinybot_description', 'catkin_cmake_args': None, 'catkin_skip_building_tests': False, 'cmake_args': None, 'cmake_clean_cache': False, 'cmake_clean_first': False, 'cmake_force_configure': False, 'cmake_target': None, 'cmake_target_skip_unavailable': False, 'install_base': '/home/sbzrobot/ROS2-Projects/My-ROS2-Humble/tinybot_ws/install/tinybot_description', 'merge_install': False, 'path': '/home/sbzrobot/ROS2-Projects/My-ROS2-Humble/tinybot_ws/src/tinybot_description', 'symlink_install': False, 'test_result_base': None}
[0.675s] Level 5:colcon.colcon_core.verb:set package 'tinybot_bringup' build argument 'cmake_args' from command line to 'None'
[0.675s] Level 5:colcon.colcon_core.verb:set package 'tinybot_bringup' build argument 'cmake_target' from command line to 'None'
[0.675s] Level 5:colcon.colcon_core.verb:set package 'tinybot_bringup' build argument 'cmake_target_skip_unavailable' from command line to 'False'
[0.675s] Level 5:colcon.colcon_core.verb:set package 'tinybot_bringup' build argument 'cmake_clean_cache' from command line to 'False'
[0.675s] Level 5:colcon.colcon_core.verb:set package 'tinybot_bringup' build argument 'cmake_clean_first' from command line to 'False'
[0.675s] Level 5:colcon.colcon_core.verb:set package 'tinybot_bringup' build argument 'cmake_force_configure' from command line to 'False'
[0.675s] Level 5:colcon.colcon_core.verb:set package 'tinybot_bringup' build argument 'ament_cmake_args' from command line to 'None'
[0.675s] Level 5:colcon.colcon_core.verb:set package 'tinybot_bringup' build argument 'catkin_cmake_args' from command line to 'None'
[0.675s] Level 5:colcon.colcon_core.verb:set package 'tinybot_bringup' build argument 'catkin_skip_building_tests' from command line to 'False'
[0.675s] DEBUG:colcon.colcon_core.verb:Building package 'tinybot_bringup' with the following arguments: {'ament_cmake_args': None, 'build_base': '/home/sbzrobot/ROS2-Projects/My-ROS2-Humble/tinybot_ws/build/tinybot_bringup', 'catkin_cmake_args': None, 'catkin_skip_building_tests': False, 'cmake_args': None, 'cmake_clean_cache': False, 'cmake_clean_first': False, 'cmake_force_configure': False, 'cmake_target': None, 'cmake_target_skip_unavailable': False, 'install_base': '/home/sbzrobot/ROS2-Projects/My-ROS2-Humble/tinybot_ws/install/tinybot_bringup', 'merge_install': False, 'path': '/home/sbzrobot/ROS2-Projects/My-ROS2-Humble/tinybot_ws/src/tinybot_bringup', 'symlink_install': False, 'test_result_base': None}
[0.675s] INFO:colcon.colcon_core.executor:Executing jobs using 'parallel' executor
[0.677s] DEBUG:colcon.colcon_parallel_executor.executor.parallel:run_until_complete
[0.677s] INFO:colcon.colcon_ros.task.ament_cmake.build:Building ROS package in '/home/sbzrobot/ROS2-Projects/My-ROS2-Humble/tinybot_ws/src/tinybot_description' with build type 'ament_cmake'
[0.677s] INFO:colcon.colcon_cmake.task.cmake.build:Building CMake package in '/home/sbzrobot/ROS2-Projects/My-ROS2-Humble/tinybot_ws/src/tinybot_description'
[0.683s] INFO:colcon.colcon_core.plugin_system:Skipping extension 'colcon_core.shell.bat': Not used on non-Windows systems
[0.683s] INFO:colcon.colcon_core.shell:Skip shell extension 'powershell' for command environment: Not usable outside of PowerShell
[0.683s] DEBUG:colcon.colcon_core.shell:Skip shell extension 'dsv' for command environment
[0.695s] DEBUG:colcon.colcon_core.event_handler.log_command:Invoking command in '/home/sbzrobot/ROS2-Projects/My-ROS2-Humble/tinybot_ws/build/tinybot_description': CMAKE_PREFIX_PATH=${CMAKE_PREFIX_PATH}:/opt/ros/humble /usr/bin/cmake /home/sbzrobot/ROS2-Projects/My-ROS2-Humble/tinybot_ws/src/tinybot_description -DCMAKE_INSTALL_PREFIX=/home/sbzrobot/ROS2-Projects/My-ROS2-Humble/tinybot_ws/install/tinybot_description
[1.051s] DEBUG:colcon.colcon_core.event_handler.log_command:Invoked command in '/home/sbzrobot/ROS2-Projects/My-ROS2-Humble/tinybot_ws/build/tinybot_description' returned '0': CMAKE_PREFIX_PATH=${CMAKE_PREFIX_PATH}:/opt/ros/humble /usr/bin/cmake /home/sbzrobot/ROS2-Projects/My-ROS2-Humble/tinybot_ws/src/tinybot_description -DCMAKE_INSTALL_PREFIX=/home/sbzrobot/ROS2-Projects/My-ROS2-Humble/tinybot_ws/install/tinybot_description
[1.055s] DEBUG:colcon.colcon_core.event_handler.log_command:Invoking command in '/home/sbzrobot/ROS2-Projects/My-ROS2-Humble/tinybot_ws/build/tinybot_description': CMAKE_PREFIX_PATH=${CMAKE_PREFIX_PATH}:/opt/ros/humble /usr/bin/cmake --build /home/sbzrobot/ROS2-Projects/My-ROS2-Humble/tinybot_ws/build/tinybot_description -- -j4 -l4
[1.111s] DEBUG:colcon.colcon_core.event_handler.log_command:Invoked command in '/home/sbzrobot/ROS2-Projects/My-ROS2-Humble/tinybot_ws/build/tinybot_description' returned '0': CMAKE_PREFIX_PATH=${CMAKE_PREFIX_PATH}:/opt/ros/humble /usr/bin/cmake --build /home/sbzrobot/ROS2-Projects/My-ROS2-Humble/tinybot_ws/build/tinybot_description -- -j4 -l4
[1.127s] DEBUG:colcon.colcon_core.event_handler.log_command:Invoking command in '/home/sbzrobot/ROS2-Projects/My-ROS2-Humble/tinybot_ws/build/tinybot_description': CMAKE_PREFIX_PATH=${CMAKE_PREFIX_PATH}:/opt/ros/humble /usr/bin/cmake --install /home/sbzrobot/ROS2-Projects/My-ROS2-Humble/tinybot_ws/build/tinybot_description
[1.170s] Level 1:colcon.colcon_core.environment:create_environment_scripts_only(tinybot_description)
[1.171s] DEBUG:colcon.colcon_core.event_handler.log_command:Invoked command in '/home/sbzrobot/ROS2-Projects/My-ROS2-Humble/tinybot_ws/build/tinybot_description' returned '0': CMAKE_PREFIX_PATH=${CMAKE_PREFIX_PATH}:/opt/ros/humble /usr/bin/cmake --install /home/sbzrobot/ROS2-Projects/My-ROS2-Humble/tinybot_ws/build/tinybot_description
[1.175s] Level 1:colcon.colcon_core.environment:checking '/home/sbzrobot/ROS2-Projects/My-ROS2-Humble/tinybot_ws/install/tinybot_description' for CMake module files
[1.176s] Level 1:colcon.colcon_core.environment:checking '/home/sbzrobot/ROS2-Projects/My-ROS2-Humble/tinybot_ws/install/tinybot_description' for CMake config files
[1.177s] Level 1:colcon.colcon_core.shell:create_environment_hook('tinybot_description', 'cmake_prefix_path')
[1.178s] INFO:colcon.colcon_core.shell:Creating environment hook '/home/sbzrobot/ROS2-Projects/My-ROS2-Humble/tinybot_ws/install/tinybot_description/share/tinybot_description/hook/cmake_prefix_path.ps1'
[1.179s] INFO:colcon.colcon_core.shell:Creating environment descriptor '/home/sbzrobot/ROS2-Projects/My-ROS2-Humble/tinybot_ws/install/tinybot_description/share/tinybot_description/hook/cmake_prefix_path.dsv'
[1.180s] INFO:colcon.colcon_core.shell:Creating environment hook '/home/sbzrobot/ROS2-Projects/My-ROS2-Humble/tinybot_ws/install/tinybot_description/share/tinybot_description/hook/cmake_prefix_path.sh'
[1.181s] Level 1:colcon.colcon_core.environment:checking '/home/sbzrobot/ROS2-Projects/My-ROS2-Humble/tinybot_ws/install/tinybot_description/bin'
[1.181s] Level 1:colcon.colcon_core.environment:checking '/home/sbzrobot/ROS2-Projects/My-ROS2-Humble/tinybot_ws/install/tinybot_description/lib/pkgconfig/tinybot_description.pc'
[1.181s] Level 1:colcon.colcon_core.environment:checking '/home/sbzrobot/ROS2-Projects/My-ROS2-Humble/tinybot_ws/install/tinybot_description/lib/python3.10/site-packages'
[1.182s] Level 1:colcon.colcon_core.environment:checking '/home/sbzrobot/ROS2-Projects/My-ROS2-Humble/tinybot_ws/install/tinybot_description/bin'
[1.182s] INFO:colcon.colcon_core.shell:Creating package script '/home/sbzrobot/ROS2-Projects/My-ROS2-Humble/tinybot_ws/install/tinybot_description/share/tinybot_description/package.ps1'
[1.183s] INFO:colcon.colcon_core.shell:Creating package descriptor '/home/sbzrobot/ROS2-Projects/My-ROS2-Humble/tinybot_ws/install/tinybot_description/share/tinybot_description/package.dsv'
[1.185s] INFO:colcon.colcon_core.shell:Creating package script '/home/sbzrobot/ROS2-Projects/My-ROS2-Humble/tinybot_ws/install/tinybot_description/share/tinybot_description/package.sh'
[1.186s] INFO:colcon.colcon_core.shell:Creating package script '/home/sbzrobot/ROS2-Projects/My-ROS2-Humble/tinybot_ws/install/tinybot_description/share/tinybot_description/package.bash'
[1.188s] INFO:colcon.colcon_core.shell:Creating package script '/home/sbzrobot/ROS2-Projects/My-ROS2-Humble/tinybot_ws/install/tinybot_description/share/tinybot_description/package.zsh'
[1.189s] Level 1:colcon.colcon_core.environment:create_file_with_runtime_dependencies(/home/sbzrobot/ROS2-Projects/My-ROS2-Humble/tinybot_ws/install/tinybot_description/share/colcon-core/packages/tinybot_description)
[1.190s] Level 1:colcon.colcon_core.environment:create_environment_scripts_only(tinybot_description)
[1.191s] Level 1:colcon.colcon_core.environment:checking '/home/sbzrobot/ROS2-Projects/My-ROS2-Humble/tinybot_ws/install/tinybot_description' for CMake module files
[1.191s] Level 1:colcon.colcon_core.environment:checking '/home/sbzrobot/ROS2-Projects/My-ROS2-Humble/tinybot_ws/install/tinybot_description' for CMake config files
[1.192s] Level 1:colcon.colcon_core.shell:create_environment_hook('tinybot_description', 'cmake_prefix_path')
[1.192s] INFO:colcon.colcon_core.shell:Creating environment hook '/home/sbzrobot/ROS2-Projects/My-ROS2-Humble/tinybot_ws/install/tinybot_description/share/tinybot_description/hook/cmake_prefix_path.ps1'
[1.193s] INFO:colcon.colcon_core.shell:Creating environment descriptor '/home/sbzrobot/ROS2-Projects/My-ROS2-Humble/tinybot_ws/install/tinybot_description/share/tinybot_description/hook/cmake_prefix_path.dsv'
[1.193s] INFO:colcon.colcon_core.shell:Creating environment hook '/home/sbzrobot/ROS2-Projects/My-ROS2-Humble/tinybot_ws/install/tinybot_description/share/tinybot_description/hook/cmake_prefix_path.sh'
[1.194s] Level 1:colcon.colcon_core.environment:checking '/home/sbzrobot/ROS2-Projects/My-ROS2-Humble/tinybot_ws/install/tinybot_description/bin'
[1.194s] Level 1:colcon.colcon_core.environment:checking '/home/sbzrobot/ROS2-Projects/My-ROS2-Humble/tinybot_ws/install/tinybot_description/lib/pkgconfig/tinybot_description.pc'
[1.195s] Level 1:colcon.colcon_core.environment:checking '/home/sbzrobot/ROS2-Projects/My-ROS2-Humble/tinybot_ws/install/tinybot_description/lib/python3.10/site-packages'
[1.195s] Level 1:colcon.colcon_core.environment:checking '/home/sbzrobot/ROS2-Projects/My-ROS2-Humble/tinybot_ws/install/tinybot_description/bin'
[1.195s] INFO:colcon.colcon_core.shell:Creating package script '/home/sbzrobot/ROS2-Projects/My-ROS2-Humble/tinybot_ws/install/tinybot_description/share/tinybot_description/package.ps1'
[1.196s] INFO:colcon.colcon_core.shell:Creating package descriptor '/home/sbzrobot/ROS2-Projects/My-ROS2-Humble/tinybot_ws/install/tinybot_description/share/tinybot_description/package.dsv'
[1.197s] INFO:colcon.colcon_core.shell:Creating package script '/home/sbzrobot/ROS2-Projects/My-ROS2-Humble/tinybot_ws/install/tinybot_description/share/tinybot_description/package.sh'
[1.198s] INFO:colcon.colcon_core.shell:Creating package script '/home/sbzrobot/ROS2-Projects/My-ROS2-Humble/tinybot_ws/install/tinybot_description/share/tinybot_description/package.bash'
[1.198s] INFO:colcon.colcon_core.shell:Creating package script '/home/sbzrobot/ROS2-Projects/My-ROS2-Humble/tinybot_ws/install/tinybot_description/share/tinybot_description/package.zsh'
[1.199s] Level 1:colcon.colcon_core.environment:create_file_with_runtime_dependencies(/home/sbzrobot/ROS2-Projects/My-ROS2-Humble/tinybot_ws/install/tinybot_description/share/colcon-core/packages/tinybot_description)
[1.199s] INFO:colcon.colcon_ros.task.ament_cmake.build:Building ROS package in '/home/sbzrobot/ROS2-Projects/My-ROS2-Humble/tinybot_ws/src/tinybot_bringup' with build type 'ament_cmake'
[1.200s] INFO:colcon.colcon_cmake.task.cmake.build:Building CMake package in '/home/sbzrobot/ROS2-Projects/My-ROS2-Humble/tinybot_ws/src/tinybot_bringup'
[1.200s] INFO:colcon.colcon_core.shell:Skip shell extension 'powershell' for command environment: Not usable outside of PowerShell
[1.200s] DEBUG:colcon.colcon_core.shell:Skip shell extension 'dsv' for command environment
[1.219s] DEBUG:colcon.colcon_core.event_handler.log_command:Invoking command in '/home/sbzrobot/ROS2-Projects/My-ROS2-Humble/tinybot_ws/build/tinybot_bringup': CMAKE_PREFIX_PATH=${CMAKE_PREFIX_PATH}:/opt/ros/humble /usr/bin/cmake /home/sbzrobot/ROS2-Projects/My-ROS2-Humble/tinybot_ws/src/tinybot_bringup -DCMAKE_INSTALL_PREFIX=/home/sbzrobot/ROS2-Projects/My-ROS2-Humble/tinybot_ws/install/tinybot_bringup
[1.572s] DEBUG:colcon.colcon_core.event_handler.log_command:Invoked command in '/home/sbzrobot/ROS2-Projects/My-ROS2-Humble/tinybot_ws/build/tinybot_bringup' returned '0': CMAKE_PREFIX_PATH=${CMAKE_PREFIX_PATH}:/opt/ros/humble /usr/bin/cmake /home/sbzrobot/ROS2-Projects/My-ROS2-Humble/tinybot_ws/src/tinybot_bringup -DCMAKE_INSTALL_PREFIX=/home/sbzrobot/ROS2-Projects/My-ROS2-Humble/tinybot_ws/install/tinybot_bringup
[1.575s] DEBUG:colcon.colcon_core.event_handler.log_command:Invoking command in '/home/sbzrobot/ROS2-Projects/My-ROS2-Humble/tinybot_ws/build/tinybot_bringup': CMAKE_PREFIX_PATH=${CMAKE_PREFIX_PATH}:/opt/ros/humble /usr/bin/cmake --build /home/sbzrobot/ROS2-Projects/My-ROS2-Humble/tinybot_ws/build/tinybot_bringup -- -j4 -l4
[1.632s] DEBUG:colcon.colcon_core.event_handler.log_command:Invoked command in '/home/sbzrobot/ROS2-Projects/My-ROS2-Humble/tinybot_ws/build/tinybot_bringup' returned '0': CMAKE_PREFIX_PATH=${CMAKE_PREFIX_PATH}:/opt/ros/humble /usr/bin/cmake --build /home/sbzrobot/ROS2-Projects/My-ROS2-Humble/tinybot_ws/build/tinybot_bringup -- -j4 -l4
[1.635s] DEBUG:colcon.colcon_core.event_handler.log_command:Invoking command in '/home/sbzrobot/ROS2-Projects/My-ROS2-Humble/tinybot_ws/build/tinybot_bringup': CMAKE_PREFIX_PATH=${CMAKE_PREFIX_PATH}:/opt/ros/humble /usr/bin/cmake --install /home/sbzrobot/ROS2-Projects/My-ROS2-Humble/tinybot_ws/build/tinybot_bringup
[1.684s] Level 1:colcon.colcon_core.environment:create_environment_scripts_only(tinybot_bringup)
[1.684s] Level 1:colcon.colcon_core.environment:checking '/home/sbzrobot/ROS2-Projects/My-ROS2-Humble/tinybot_ws/install/tinybot_bringup' for CMake module files
[1.685s] DEBUG:colcon.colcon_core.event_handler.log_command:Invoked command in '/home/sbzrobot/ROS2-Projects/My-ROS2-Humble/tinybot_ws/build/tinybot_bringup' returned '0': CMAKE_PREFIX_PATH=${CMAKE_PREFIX_PATH}:/opt/ros/humble /usr/bin/cmake --install /home/sbzrobot/ROS2-Projects/My-ROS2-Humble/tinybot_ws/build/tinybot_bringup
[1.685s] Level 1:colcon.colcon_core.environment:checking '/home/sbzrobot/ROS2-Projects/My-ROS2-Humble/tinybot_ws/install/tinybot_bringup' for CMake config files
[1.686s] Level 1:colcon.colcon_core.shell:create_environment_hook('tinybot_bringup', 'cmake_prefix_path')
[1.686s] INFO:colcon.colcon_core.shell:Creating environment hook '/home/sbzrobot/ROS2-Projects/My-ROS2-Humble/tinybot_ws/install/tinybot_bringup/share/tinybot_bringup/hook/cmake_prefix_path.ps1'
[1.687s] INFO:colcon.colcon_core.shell:Creating environment descriptor '/home/sbzrobot/ROS2-Projects/My-ROS2-Humble/tinybot_ws/install/tinybot_bringup/share/tinybot_bringup/hook/cmake_prefix_path.dsv'
[1.688s] INFO:colcon.colcon_core.shell:Creating environment hook '/home/sbzrobot/ROS2-Projects/My-ROS2-Humble/tinybot_ws/install/tinybot_bringup/share/tinybot_bringup/hook/cmake_prefix_path.sh'
[1.689s] Level 1:colcon.colcon_core.environment:checking '/home/sbzrobot/ROS2-Projects/My-ROS2-Humble/tinybot_ws/install/tinybot_bringup/bin'
[1.689s] Level 1:colcon.colcon_core.environment:checking '/home/sbzrobot/ROS2-Projects/My-ROS2-Humble/tinybot_ws/install/tinybot_bringup/lib/pkgconfig/tinybot_bringup.pc'
[1.689s] Level 1:colcon.colcon_core.environment:checking '/home/sbzrobot/ROS2-Projects/My-ROS2-Humble/tinybot_ws/install/tinybot_bringup/lib/python3.10/site-packages'
[1.690s] Level 1:colcon.colcon_core.environment:checking '/home/sbzrobot/ROS2-Projects/My-ROS2-Humble/tinybot_ws/install/tinybot_bringup/bin'
[1.690s] INFO:colcon.colcon_core.shell:Creating package script '/home/sbzrobot/ROS2-Projects/My-ROS2-Humble/tinybot_ws/install/tinybot_bringup/share/tinybot_bringup/package.ps1'
[1.691s] INFO:colcon.colcon_core.shell:Creating package descriptor '/home/sbzrobot/ROS2-Projects/My-ROS2-Humble/tinybot_ws/install/tinybot_bringup/share/tinybot_bringup/package.dsv'
[1.692s] INFO:colcon.colcon_core.shell:Creating package script '/home/sbzrobot/ROS2-Projects/My-ROS2-Humble/tinybot_ws/install/tinybot_bringup/share/tinybot_bringup/package.sh'
[1.692s] INFO:colcon.colcon_core.shell:Creating package script '/home/sbzrobot/ROS2-Projects/My-ROS2-Humble/tinybot_ws/install/tinybot_bringup/share/tinybot_bringup/package.bash'
[1.693s] INFO:colcon.colcon_core.shell:Creating package script '/home/sbzrobot/ROS2-Projects/My-ROS2-Humble/tinybot_ws/install/tinybot_bringup/share/tinybot_bringup/package.zsh'
[1.694s] Level 1:colcon.colcon_core.environment:create_file_with_runtime_dependencies(/home/sbzrobot/ROS2-Projects/My-ROS2-Humble/tinybot_ws/install/tinybot_bringup/share/colcon-core/packages/tinybot_bringup)
[1.694s] Level 1:colcon.colcon_core.environment:create_environment_scripts_only(tinybot_bringup)
[1.695s] Level 1:colcon.colcon_core.environment:checking '/home/sbzrobot/ROS2-Projects/My-ROS2-Humble/tinybot_ws/install/tinybot_bringup' for CMake module files
[1.696s] Level 1:colcon.colcon_core.environment:checking '/home/sbzrobot/ROS2-Projects/My-ROS2-Humble/tinybot_ws/install/tinybot_bringup' for CMake config files
[1.696s] Level 1:colcon.colcon_core.shell:create_environment_hook('tinybot_bringup', 'cmake_prefix_path')
[1.697s] INFO:colcon.colcon_core.shell:Creating environment hook '/home/sbzrobot/ROS2-Projects/My-ROS2-Humble/tinybot_ws/install/tinybot_bringup/share/tinybot_bringup/hook/cmake_prefix_path.ps1'
[1.697s] INFO:colcon.colcon_core.shell:Creating environment descriptor '/home/sbzrobot/ROS2-Projects/My-ROS2-Humble/tinybot_ws/install/tinybot_bringup/share/tinybot_bringup/hook/cmake_prefix_path.dsv'
[1.698s] INFO:colcon.colcon_core.shell:Creating environment hook '/home/sbzrobot/ROS2-Projects/My-ROS2-Humble/tinybot_ws/install/tinybot_bringup/share/tinybot_bringup/hook/cmake_prefix_path.sh'
[1.699s] Level 1:colcon.colcon_core.environment:checking '/home/sbzrobot/ROS2-Projects/My-ROS2-Humble/tinybot_ws/install/tinybot_bringup/bin'
[1.699s] Level 1:colcon.colcon_core.environment:checking '/home/sbzrobot/ROS2-Projects/My-ROS2-Humble/tinybot_ws/install/tinybot_bringup/lib/pkgconfig/tinybot_bringup.pc'
[1.699s] Level 1:colcon.colcon_core.environment:checking '/home/sbzrobot/ROS2-Projects/My-ROS2-Humble/tinybot_ws/install/tinybot_bringup/lib/python3.10/site-packages'
[1.700s] Level 1:colcon.colcon_core.environment:checking '/home/sbzrobot/ROS2-Projects/My-ROS2-Humble/tinybot_ws/install/tinybot_bringup/bin'
[1.700s] INFO:colcon.colcon_core.shell:Creating package script '/home/sbzrobot/ROS2-Projects/My-ROS2-Humble/tinybot_ws/install/tinybot_bringup/share/tinybot_bringup/package.ps1'
[1.701s] INFO:colcon.colcon_core.shell:Creating package descriptor '/home/sbzrobot/ROS2-Projects/My-ROS2-Humble/tinybot_ws/install/tinybot_bringup/share/tinybot_bringup/package.dsv'
[1.702s] INFO:colcon.colcon_core.shell:Creating package script '/home/sbzrobot/ROS2-Projects/My-ROS2-Humble/tinybot_ws/install/tinybot_bringup/share/tinybot_bringup/package.sh'
[1.703s] INFO:colcon.colcon_core.shell:Creating package script '/home/sbzrobot/ROS2-Projects/My-ROS2-Humble/tinybot_ws/install/tinybot_bringup/share/tinybot_bringup/package.bash'
[1.704s] INFO:colcon.colcon_core.shell:Creating package script '/home/sbzrobot/ROS2-Projects/My-ROS2-Humble/tinybot_ws/install/tinybot_bringup/share/tinybot_bringup/package.zsh'
[1.704s] Level 1:colcon.colcon_core.environment:create_file_with_runtime_dependencies(/home/sbzrobot/ROS2-Projects/My-ROS2-Humble/tinybot_ws/install/tinybot_bringup/share/colcon-core/packages/tinybot_bringup)
[1.705s] DEBUG:colcon.colcon_parallel_executor.executor.parallel:closing loop
[1.705s] DEBUG:colcon.colcon_parallel_executor.executor.parallel:loop closed
[1.706s] DEBUG:colcon.colcon_parallel_executor.executor.parallel:run_until_complete finished with '0'
[1.706s] DEBUG:colcon.colcon_core.event_reactor:joining thread
[1.717s] INFO:colcon.colcon_core.plugin_system:Skipping extension 'colcon_notification.desktop_notification.terminal_notifier': Not used on non-Darwin systems
[1.717s] INFO:colcon.colcon_core.plugin_system:Skipping extension 'colcon_notification.desktop_notification.win32': Not used on non-Windows systems
[1.717s] INFO:colcon.colcon_notification.desktop_notification:Sending desktop notification using 'notify2'
[1.736s] DEBUG:colcon.colcon_core.event_reactor:joined thread
[1.737s] INFO:colcon.colcon_core.shell:Creating prefix script '/home/sbzrobot/ROS2-Projects/My-ROS2-Humble/tinybot_ws/install/local_setup.ps1'
[1.739s] INFO:colcon.colcon_core.shell:Creating prefix util module '/home/sbzrobot/ROS2-Projects/My-ROS2-Humble/tinybot_ws/install/_local_setup_util_ps1.py'
[1.743s] INFO:colcon.colcon_core.shell:Creating prefix chain script '/home/sbzrobot/ROS2-Projects/My-ROS2-Humble/tinybot_ws/install/setup.ps1'
[1.746s] INFO:colcon.colcon_core.shell:Creating prefix script '/home/sbzrobot/ROS2-Projects/My-ROS2-Humble/tinybot_ws/install/local_setup.sh'
[1.747s] INFO:colcon.colcon_core.shell:Creating prefix util module '/home/sbzrobot/ROS2-Projects/My-ROS2-Humble/tinybot_ws/install/_local_setup_util_sh.py'
[1.747s] INFO:colcon.colcon_core.shell:Creating prefix chain script '/home/sbzrobot/ROS2-Projects/My-ROS2-Humble/tinybot_ws/install/setup.sh'
[1.749s] INFO:colcon.colcon_core.shell:Creating prefix script '/home/sbzrobot/ROS2-Projects/My-ROS2-Humble/tinybot_ws/install/local_setup.bash'
[1.750s] INFO:colcon.colcon_core.shell:Creating prefix chain script '/home/sbzrobot/ROS2-Projects/My-ROS2-Humble/tinybot_ws/install/setup.bash'
[1.751s] INFO:colcon.colcon_core.shell:Creating prefix script '/home/sbzrobot/ROS2-Projects/My-ROS2-Humble/tinybot_ws/install/local_setup.zsh'
[1.753s] INFO:colcon.colcon_core.shell:Creating prefix chain script '/home/sbzrobot/ROS2-Projects/My-ROS2-Humble/tinybot_ws/install/setup.zsh'
