[0.020s] Invoking command in '/home/sbzrobot/ROS2-Projects/My-ROS2-Humble/tinybot_ws/build/tinybot_bringup': CMAKE_PREFIX_PATH=/home/sbzrobot/ROS2-Projects/My-ROS2-Humble/tinybot_ws/install/tinybot_description:/home/sbzrobot/ROS2-Projects/My-ROS2-Humble/tinybot_ws/install/tinybot_bringup:/opt/ros/humble /usr/bin/cmake --build /home/sbzrobot/ROS2-Projects/My-ROS2-Humble/tinybot_ws/build/tinybot_bringup -- -j4 -l4
[0.060s] -- Found ament_cmake: 1.3.11 (/opt/ros/humble/share/ament_cmake/cmake)
[0.241s] -- Override CMake install command with custom implementation using symlinks instead of copying resources
[0.355s] -- Configuring done
[0.361s] -- Generating done
[0.364s] -- Build files have been written to: /home/sbzrobot/ROS2-Projects/My-ROS2-Humble/tinybot_ws/build/tinybot_bringup
[0.399s] Invoked command in '/home/sbzrobot/ROS2-Projects/My-ROS2-Humble/tinybot_ws/build/tinybot_bringup' returned '0': CMAKE_PREFIX_PATH=/home/sbzrobot/ROS2-Projects/My-ROS2-Humble/tinybot_ws/install/tinybot_description:/home/sbzrobot/ROS2-Projects/My-ROS2-Humble/tinybot_ws/install/tinybot_bringup:/opt/ros/humble /usr/bin/cmake --build /home/sbzrobot/ROS2-Projects/My-ROS2-Humble/tinybot_ws/build/tinybot_bringup -- -j4 -l4
[0.402s] Invoking command in '/home/sbzrobot/ROS2-Projects/My-ROS2-Humble/tinybot_ws/build/tinybot_bringup': CMAKE_PREFIX_PATH=/home/sbzrobot/ROS2-Projects/My-ROS2-Humble/tinybot_ws/install/tinybot_description:/home/sbzrobot/ROS2-Projects/My-ROS2-Humble/tinybot_ws/install/tinybot_bringup:/opt/ros/humble /usr/bin/cmake --install /home/sbzrobot/ROS2-Projects/My-ROS2-Humble/tinybot_ws/build/tinybot_bringup
[0.414s] -- Install configuration: ""
[0.415s] -- Execute custom install script
[0.416s] -- Up-to-date symlink: /home/sbzrobot/ROS2-Projects/My-ROS2-Humble/tinybot_ws/install/tinybot_bringup/share/tinybot_bringup//launch/tinyrobot_gazebo.launch.xml
[0.416s] -- Up-to-date symlink: /home/sbzrobot/ROS2-Projects/My-ROS2-Humble/tinybot_ws/install/tinybot_bringup/share/tinybot_bringup//rviz/tinybot_urdf_config.rviz
[0.417s] -- Up-to-date symlink: /home/sbzrobot/ROS2-Projects/My-ROS2-Humble/tinybot_ws/install/tinybot_bringup/share/ament_index/resource_index/package_run_dependencies/tinybot_bringup
[0.419s] -- Up-to-date symlink: /home/sbzrobot/ROS2-Projects/My-ROS2-Humble/tinybot_ws/install/tinybot_bringup/share/ament_index/resource_index/parent_prefix_path/tinybot_bringup
[0.419s] -- Up-to-date symlink: /home/sbzrobot/ROS2-Projects/My-ROS2-Humble/tinybot_ws/install/tinybot_bringup/share/tinybot_bringup/environment/ament_prefix_path.sh
[0.420s] -- Up-to-date symlink: /home/sbzrobot/ROS2-Projects/My-ROS2-Humble/tinybot_ws/install/tinybot_bringup/share/tinybot_bringup/environment/ament_prefix_path.dsv
[0.420s] -- Up-to-date symlink: /home/sbzrobot/ROS2-Projects/My-ROS2-Humble/tinybot_ws/install/tinybot_bringup/share/tinybot_bringup/environment/path.sh
[0.421s] -- Up-to-date symlink: /home/sbzrobot/ROS2-Projects/My-ROS2-Humble/tinybot_ws/install/tinybot_bringup/share/tinybot_bringup/environment/path.dsv
[0.421s] -- Up-to-date symlink: /home/sbzrobot/ROS2-Projects/My-ROS2-Humble/tinybot_ws/install/tinybot_bringup/share/tinybot_bringup/local_setup.bash
[0.422s] -- Up-to-date symlink: /home/sbzrobot/ROS2-Projects/My-ROS2-Humble/tinybot_ws/install/tinybot_bringup/share/tinybot_bringup/local_setup.sh
[0.423s] -- Up-to-date symlink: /home/sbzrobot/ROS2-Projects/My-ROS2-Humble/tinybot_ws/install/tinybot_bringup/share/tinybot_bringup/local_setup.zsh
[0.423s] -- Up-to-date symlink: /home/sbzrobot/ROS2-Projects/My-ROS2-Humble/tinybot_ws/install/tinybot_bringup/share/tinybot_bringup/local_setup.dsv
[0.423s] -- Symlinking: /home/sbzrobot/ROS2-Projects/My-ROS2-Humble/tinybot_ws/install/tinybot_bringup/share/tinybot_bringup/package.dsv
[0.439s] -- Up-to-date symlink: /home/sbzrobot/ROS2-Projects/My-ROS2-Humble/tinybot_ws/install/tinybot_bringup/share/ament_index/resource_index/packages/tinybot_bringup
[0.439s] -- Up-to-date symlink: /home/sbzrobot/ROS2-Projects/My-ROS2-Humble/tinybot_ws/install/tinybot_bringup/share/tinybot_bringup/cmake/tinybot_bringupConfig.cmake
[0.440s] -- Up-to-date symlink: /home/sbzrobot/ROS2-Projects/My-ROS2-Humble/tinybot_ws/install/tinybot_bringup/share/tinybot_bringup/cmake/tinybot_bringupConfig-version.cmake
[0.440s] -- Up-to-date symlink: /home/sbzrobot/ROS2-Projects/My-ROS2-Humble/tinybot_ws/install/tinybot_bringup/share/tinybot_bringup/package.xml
[0.445s] Invoked command in '/home/sbzrobot/ROS2-Projects/My-ROS2-Humble/tinybot_ws/build/tinybot_bringup' returned '0': CMAKE_PREFIX_PATH=/home/sbzrobot/ROS2-Projects/My-ROS2-Humble/tinybot_ws/install/tinybot_description:/home/sbzrobot/ROS2-Projects/My-ROS2-Humble/tinybot_ws/install/tinybot_bringup:/opt/ros/humble /usr/bin/cmake --install /home/sbzrobot/ROS2-Projects/My-ROS2-Humble/tinybot_ws/build/tinybot_bringup
