[0.020s] Invoking command in '/home/sbzrobot/ROS2-Projects/My-ROS2-Humble/tinybot_ws/build/tinybot_description': CMAKE_PREFIX_PATH=/opt/ros/humble /usr/bin/cmake /home/sbzrobot/ROS2-Projects/My-ROS2-Humble/tinybot_ws/src/tinybot_description -DCMAKE_INSTALL_PREFIX=/home/sbzrobot/ROS2-Projects/My-ROS2-Humble/tinybot_ws/install/tinybot_description
[0.171s] -- The C compiler identification is GNU 11.4.0
[0.297s] -- The CXX compiler identification is GNU 11.4.0
[0.312s] -- Detecting C compiler ABI info
[0.425s] -- Detecting C compiler ABI info - done
[0.436s] -- Check for working C compiler: /usr/bin/cc - skipped
[0.438s] -- Detecting C compile features
[0.439s] -- Detecting C compile features - done
[0.444s] -- Detecting CXX compiler ABI info
[0.571s] -- Detecting CXX compiler ABI info - done
[0.583s] -- Check for working CXX compiler: /usr/bin/c++ - skipped
[0.583s] -- Detecting CXX compile features
[0.584s] -- Detecting CXX compile features - done
[0.593s] -- Found ament_cmake: 1.3.11 (/opt/ros/humble/share/ament_cmake/cmake)
[0.839s] -- Found Python3: /usr/bin/python3 (found version "3.10.12") found components: Interpreter 
[1.098s] -- Configuring done
[1.103s] -- Generating done
[1.105s] -- Build files have been written to: /home/sbzrobot/ROS2-Projects/My-ROS2-Humble/tinybot_ws/build/tinybot_description
[1.112s] Invoked command in '/home/sbzrobot/ROS2-Projects/My-ROS2-Humble/tinybot_ws/build/tinybot_description' returned '0': CMAKE_PREFIX_PATH=/opt/ros/humble /usr/bin/cmake /home/sbzrobot/ROS2-Projects/My-ROS2-Humble/tinybot_ws/src/tinybot_description -DCMAKE_INSTALL_PREFIX=/home/sbzrobot/ROS2-Projects/My-ROS2-Humble/tinybot_ws/install/tinybot_description
[1.114s] Invoking command in '/home/sbzrobot/ROS2-Projects/My-ROS2-Humble/tinybot_ws/build/tinybot_description': CMAKE_PREFIX_PATH=/opt/ros/humble /usr/bin/cmake --build /home/sbzrobot/ROS2-Projects/My-ROS2-Humble/tinybot_ws/build/tinybot_description -- -j4 -l4
[1.174s] Invoked command in '/home/sbzrobot/ROS2-Projects/My-ROS2-Humble/tinybot_ws/build/tinybot_description' returned '0': CMAKE_PREFIX_PATH=/opt/ros/humble /usr/bin/cmake --build /home/sbzrobot/ROS2-Projects/My-ROS2-Humble/tinybot_ws/build/tinybot_description -- -j4 -l4
[1.189s] Invoking command in '/home/sbzrobot/ROS2-Projects/My-ROS2-Humble/tinybot_ws/build/tinybot_description': CMAKE_PREFIX_PATH=/opt/ros/humble /usr/bin/cmake --install /home/sbzrobot/ROS2-Projects/My-ROS2-Humble/tinybot_ws/build/tinybot_description
[1.200s] -- Install configuration: ""
[1.200s] -- Installing: /home/sbzrobot/ROS2-Projects/My-ROS2-Humble/tinybot_ws/install/tinybot_description/share/tinybot_description//urdf
[1.200s] -- Installing: /home/sbzrobot/ROS2-Projects/My-ROS2-Humble/tinybot_ws/install/tinybot_description/share/tinybot_description//urdf/tinyrobot.urdf
[1.200s] -- Installing: /home/sbzrobot/ROS2-Projects/My-ROS2-Humble/tinybot_ws/install/tinybot_description/share/ament_index/resource_index/package_run_dependencies/tinybot_description
[1.201s] -- Installing: /home/sbzrobot/ROS2-Projects/My-ROS2-Humble/tinybot_ws/install/tinybot_description/share/ament_index/resource_index/parent_prefix_path/tinybot_description
[1.201s] -- Installing: /home/sbzrobot/ROS2-Projects/My-ROS2-Humble/tinybot_ws/install/tinybot_description/share/tinybot_description/environment/ament_prefix_path.sh
[1.202s] -- Installing: /home/sbzrobot/ROS2-Projects/My-ROS2-Humble/tinybot_ws/install/tinybot_description/share/tinybot_description/environment/ament_prefix_path.dsv
[1.202s] -- Installing: /home/sbzrobot/ROS2-Projects/My-ROS2-Humble/tinybot_ws/install/tinybot_description/share/tinybot_description/environment/path.sh
[1.202s] -- Installing: /home/sbzrobot/ROS2-Projects/My-ROS2-Humble/tinybot_ws/install/tinybot_description/share/tinybot_description/environment/path.dsv
[1.203s] -- Installing: /home/sbzrobot/ROS2-Projects/My-ROS2-Humble/tinybot_ws/install/tinybot_description/share/tinybot_description/local_setup.bash
[1.203s] -- Installing: /home/sbzrobot/ROS2-Projects/My-ROS2-Humble/tinybot_ws/install/tinybot_description/share/tinybot_description/local_setup.sh
[1.203s] -- Installing: /home/sbzrobot/ROS2-Projects/My-ROS2-Humble/tinybot_ws/install/tinybot_description/share/tinybot_description/local_setup.zsh
[1.204s] -- Installing: /home/sbzrobot/ROS2-Projects/My-ROS2-Humble/tinybot_ws/install/tinybot_description/share/tinybot_description/local_setup.dsv
[1.204s] -- Installing: /home/sbzrobot/ROS2-Projects/My-ROS2-Humble/tinybot_ws/install/tinybot_description/share/tinybot_description/package.dsv
[1.204s] -- Installing: /home/sbzrobot/ROS2-Projects/My-ROS2-Humble/tinybot_ws/install/tinybot_description/share/ament_index/resource_index/packages/tinybot_description
[1.205s] -- Installing: /home/sbzrobot/ROS2-Projects/My-ROS2-Humble/tinybot_ws/install/tinybot_description/share/tinybot_description/cmake/tinybot_descriptionConfig.cmake
[1.205s] -- Installing: /home/sbzrobot/ROS2-Projects/My-ROS2-Humble/tinybot_ws/install/tinybot_description/share/tinybot_description/cmake/tinybot_descriptionConfig-version.cmake
[1.205s] -- Installing: /home/sbzrobot/ROS2-Projects/My-ROS2-Humble/tinybot_ws/install/tinybot_description/share/tinybot_description/package.xml
[1.208s] Invoked command in '/home/sbzrobot/ROS2-Projects/My-ROS2-Humble/tinybot_ws/build/tinybot_description' returned '0': CMAKE_PREFIX_PATH=/opt/ros/humble /usr/bin/cmake --install /home/sbzrobot/ROS2-Projects/My-ROS2-Humble/tinybot_ws/build/tinybot_description
