[0.016s] Invoking command in '/home/sbzrobot/ROS2-Projects/My-ROS2-Humble/tinybot_ws/build/tinybot_description': CMAKE_PREFIX_PATH=${CMAKE_PREFIX_PATH}:/opt/ros/humble /usr/bin/cmake --build /home/sbzrobot/ROS2-Projects/My-ROS2-Humble/tinybot_ws/build/tinybot_description -- -j4 -l4
[0.077s] Invoked command in '/home/sbzrobot/ROS2-Projects/My-ROS2-Humble/tinybot_ws/build/tinybot_description' returned '0': CMAKE_PREFIX_PATH=${CMAKE_PREFIX_PATH}:/opt/ros/humble /usr/bin/cmake --build /home/sbzrobot/ROS2-Projects/My-ROS2-Humble/tinybot_ws/build/tinybot_description -- -j4 -l4
[0.092s] Invoking command in '/home/sbzrobot/ROS2-Projects/My-ROS2-Humble/tinybot_ws/build/tinybot_description': CMAKE_PREFIX_PATH=${CMAKE_PREFIX_PATH}:/opt/ros/humble /usr/bin/cmake --install /home/sbzrobot/ROS2-Projects/My-ROS2-Humble/tinybot_ws/build/tinybot_description
[0.104s] -- Install configuration: ""
[0.105s] -- Execute custom install script
[0.106s] -- Up-to-date symlink: /home/sbzrobot/ROS2-Projects/My-ROS2-Humble/tinybot_ws/install/tinybot_description/share/tinybot_description//urdf/common_configes.xacro
[0.106s] -- Up-to-date symlink: /home/sbzrobot/ROS2-Projects/My-ROS2-Humble/tinybot_ws/install/tinybot_description/share/tinybot_description//urdf/mobile_base.xacro
[0.107s] -- Up-to-date symlink: /home/sbzrobot/ROS2-Projects/My-ROS2-Humble/tinybot_ws/install/tinybot_description/share/tinybot_description//urdf/tinyrobot.urdf.xacro
[0.107s] -- Up-to-date symlink: /home/sbzrobot/ROS2-Projects/My-ROS2-Humble/tinybot_ws/install/tinybot_description/share/tinybot_description//launch/display.launch.py
[0.108s] -- Up-to-date symlink: /home/sbzrobot/ROS2-Projects/My-ROS2-Humble/tinybot_ws/install/tinybot_description/share/tinybot_description//launch/display.launch.xml
[0.108s] -- Up-to-date symlink: /home/sbzrobot/ROS2-Projects/My-ROS2-Humble/tinybot_ws/install/tinybot_description/share/tinybot_description//rviz/tinybot_urdf_config.rviz
[0.109s] -- Up-to-date symlink: /home/sbzrobot/ROS2-Projects/My-ROS2-Humble/tinybot_ws/install/tinybot_description/share/ament_index/resource_index/package_run_dependencies/tinybot_description
[0.109s] -- Up-to-date symlink: /home/sbzrobot/ROS2-Projects/My-ROS2-Humble/tinybot_ws/install/tinybot_description/share/ament_index/resource_index/parent_prefix_path/tinybot_description
[0.110s] -- Up-to-date symlink: /home/sbzrobot/ROS2-Projects/My-ROS2-Humble/tinybot_ws/install/tinybot_description/share/tinybot_description/environment/ament_prefix_path.sh
[0.110s] -- Up-to-date symlink: /home/sbzrobot/ROS2-Projects/My-ROS2-Humble/tinybot_ws/install/tinybot_description/share/tinybot_description/environment/ament_prefix_path.dsv
[0.111s] -- Up-to-date symlink: /home/sbzrobot/ROS2-Projects/My-ROS2-Humble/tinybot_ws/install/tinybot_description/share/tinybot_description/environment/path.sh
[0.111s] -- Up-to-date symlink: /home/sbzrobot/ROS2-Projects/My-ROS2-Humble/tinybot_ws/install/tinybot_description/share/tinybot_description/environment/path.dsv
[0.111s] -- Up-to-date symlink: /home/sbzrobot/ROS2-Projects/My-ROS2-Humble/tinybot_ws/install/tinybot_description/share/tinybot_description/local_setup.bash
[0.112s] -- Up-to-date symlink: /home/sbzrobot/ROS2-Projects/My-ROS2-Humble/tinybot_ws/install/tinybot_description/share/tinybot_description/local_setup.sh
[0.113s] -- Up-to-date symlink: /home/sbzrobot/ROS2-Projects/My-ROS2-Humble/tinybot_ws/install/tinybot_description/share/tinybot_description/local_setup.zsh
[0.113s] -- Up-to-date symlink: /home/sbzrobot/ROS2-Projects/My-ROS2-Humble/tinybot_ws/install/tinybot_description/share/tinybot_description/local_setup.dsv
[0.113s] -- Symlinking: /home/sbzrobot/ROS2-Projects/My-ROS2-Humble/tinybot_ws/install/tinybot_description/share/tinybot_description/package.dsv
[0.127s] -- Up-to-date symlink: /home/sbzrobot/ROS2-Projects/My-ROS2-Humble/tinybot_ws/install/tinybot_description/share/ament_index/resource_index/packages/tinybot_description
[0.127s] -- Up-to-date symlink: /home/sbzrobot/ROS2-Projects/My-ROS2-Humble/tinybot_ws/install/tinybot_description/share/tinybot_description/cmake/tinybot_descriptionConfig.cmake
[0.127s] -- Up-to-date symlink: /home/sbzrobot/ROS2-Projects/My-ROS2-Humble/tinybot_ws/install/tinybot_description/share/tinybot_description/cmake/tinybot_descriptionConfig-version.cmake
[0.128s] -- Up-to-date symlink: /home/sbzrobot/ROS2-Projects/My-ROS2-Humble/tinybot_ws/install/tinybot_description/share/tinybot_description/package.xml
[0.131s] Invoked command in '/home/sbzrobot/ROS2-Projects/My-ROS2-Humble/tinybot_ws/build/tinybot_description' returned '0': CMAKE_PREFIX_PATH=${CMAKE_PREFIX_PATH}:/opt/ros/humble /usr/bin/cmake --install /home/sbzrobot/ROS2-Projects/My-ROS2-Humble/tinybot_ws/build/tinybot_description
