[0.024s] Invoking command in '/home/sbzrobot/ROS2-Projects/My-ROS2-Humble/tinybot_ws/build/tinybot_description': CMAKE_PREFIX_PATH=${CMAKE_PREFIX_PATH}:/opt/ros/humble /usr/bin/cmake /home/sbzrobot/ROS2-Projects/My-ROS2-Humble/tinybot_ws/src/tinybot_description -DCMAKE_INSTALL_PREFIX=/home/sbzrobot/ROS2-Projects/My-ROS2-Humble/tinybot_ws/install/tinybot_description
[0.059s] -- Found ament_cmake: 1.3.11 (/opt/ros/humble/share/ament_cmake/cmake)
[0.280s] -- Override CMake install command with custom implementation using symlinks instead of copying resources
[0.411s] -- Configuring done
[0.418s] -- Generating done
[0.422s] -- Build files have been written to: /home/sbzrobot/ROS2-Projects/My-ROS2-Humble/tinybot_ws/build/tinybot_description
[0.425s] Invoked command in '/home/sbzrobot/ROS2-Projects/My-ROS2-Humble/tinybot_ws/build/tinybot_description' returned '0': CMAKE_PREFIX_PATH=${CMAKE_PREFIX_PATH}:/opt/ros/humble /usr/bin/cmake /home/sbzrobot/ROS2-Projects/My-ROS2-Humble/tinybot_ws/src/tinybot_description -DCMAKE_INSTALL_PREFIX=/home/sbzrobot/ROS2-Projects/My-ROS2-Humble/tinybot_ws/install/tinybot_description
[0.430s] Invoking command in '/home/sbzrobot/ROS2-Projects/My-ROS2-Humble/tinybot_ws/build/tinybot_description': CMAKE_PREFIX_PATH=${CMAKE_PREFIX_PATH}:/opt/ros/humble /usr/bin/cmake --build /home/sbzrobot/ROS2-Projects/My-ROS2-Humble/tinybot_ws/build/tinybot_description -- -j4 -l4
[0.496s] Invoked command in '/home/sbzrobot/ROS2-Projects/My-ROS2-Humble/tinybot_ws/build/tinybot_description' returned '0': CMAKE_PREFIX_PATH=${CMAKE_PREFIX_PATH}:/opt/ros/humble /usr/bin/cmake --build /home/sbzrobot/ROS2-Projects/My-ROS2-Humble/tinybot_ws/build/tinybot_description -- -j4 -l4
[0.513s] Invoking command in '/home/sbzrobot/ROS2-Projects/My-ROS2-Humble/tinybot_ws/build/tinybot_description': CMAKE_PREFIX_PATH=${CMAKE_PREFIX_PATH}:/opt/ros/humble /usr/bin/cmake --install /home/sbzrobot/ROS2-Projects/My-ROS2-Humble/tinybot_ws/build/tinybot_description
[0.526s] -- Install configuration: ""
[0.526s] -- Execute custom install script
[0.527s] -- Up-to-date symlink: /home/sbzrobot/ROS2-Projects/My-ROS2-Humble/tinybot_ws/install/tinybot_description/share/tinybot_description//urdf/common_configes.xacro
[0.527s] -- Up-to-date symlink: /home/sbzrobot/ROS2-Projects/My-ROS2-Humble/tinybot_ws/install/tinybot_description/share/tinybot_description//urdf/mobile_base.xacro
[0.527s] -- Up-to-date symlink: /home/sbzrobot/ROS2-Projects/My-ROS2-Humble/tinybot_ws/install/tinybot_description/share/tinybot_description//urdf/mobile_base_gazebo.xacro
[0.528s] -- Up-to-date symlink: /home/sbzrobot/ROS2-Projects/My-ROS2-Humble/tinybot_ws/install/tinybot_description/share/tinybot_description//urdf/tinyrobot.urdf.xacro
[0.530s] -- Up-to-date symlink: /home/sbzrobot/ROS2-Projects/My-ROS2-Humble/tinybot_ws/install/tinybot_description/share/tinybot_description//launch/display.launch.py
[0.530s] -- Up-to-date symlink: /home/sbzrobot/ROS2-Projects/My-ROS2-Humble/tinybot_ws/install/tinybot_description/share/tinybot_description//launch/display.launch.xml
[0.531s] -- Up-to-date symlink: /home/sbzrobot/ROS2-Projects/My-ROS2-Humble/tinybot_ws/install/tinybot_description/share/tinybot_description//rviz/tinybot_urdf_config.rviz
[0.532s] -- Up-to-date symlink: /home/sbzrobot/ROS2-Projects/My-ROS2-Humble/tinybot_ws/install/tinybot_description/share/ament_index/resource_index/package_run_dependencies/tinybot_description
[0.532s] -- Up-to-date symlink: /home/sbzrobot/ROS2-Projects/My-ROS2-Humble/tinybot_ws/install/tinybot_description/share/ament_index/resource_index/parent_prefix_path/tinybot_description
[0.533s] -- Up-to-date symlink: /home/sbzrobot/ROS2-Projects/My-ROS2-Humble/tinybot_ws/install/tinybot_description/share/tinybot_description/environment/ament_prefix_path.sh
[0.533s] -- Up-to-date symlink: /home/sbzrobot/ROS2-Projects/My-ROS2-Humble/tinybot_ws/install/tinybot_description/share/tinybot_description/environment/ament_prefix_path.dsv
[0.534s] -- Up-to-date symlink: /home/sbzrobot/ROS2-Projects/My-ROS2-Humble/tinybot_ws/install/tinybot_description/share/tinybot_description/environment/path.sh
[0.535s] -- Up-to-date symlink: /home/sbzrobot/ROS2-Projects/My-ROS2-Humble/tinybot_ws/install/tinybot_description/share/tinybot_description/environment/path.dsv
[0.535s] -- Up-to-date symlink: /home/sbzrobot/ROS2-Projects/My-ROS2-Humble/tinybot_ws/install/tinybot_description/share/tinybot_description/local_setup.bash
[0.536s] -- Up-to-date symlink: /home/sbzrobot/ROS2-Projects/My-ROS2-Humble/tinybot_ws/install/tinybot_description/share/tinybot_description/local_setup.sh
[0.536s] -- Up-to-date symlink: /home/sbzrobot/ROS2-Projects/My-ROS2-Humble/tinybot_ws/install/tinybot_description/share/tinybot_description/local_setup.zsh
[0.537s] -- Up-to-date symlink: /home/sbzrobot/ROS2-Projects/My-ROS2-Humble/tinybot_ws/install/tinybot_description/share/tinybot_description/local_setup.dsv
[0.537s] -- Symlinking: /home/sbzrobot/ROS2-Projects/My-ROS2-Humble/tinybot_ws/install/tinybot_description/share/tinybot_description/package.dsv
[0.552s] -- Up-to-date symlink: /home/sbzrobot/ROS2-Projects/My-ROS2-Humble/tinybot_ws/install/tinybot_description/share/ament_index/resource_index/packages/tinybot_description
[0.553s] -- Up-to-date symlink: /home/sbzrobot/ROS2-Projects/My-ROS2-Humble/tinybot_ws/install/tinybot_description/share/tinybot_description/cmake/tinybot_descriptionConfig.cmake
[0.553s] -- Up-to-date symlink: /home/sbzrobot/ROS2-Projects/My-ROS2-Humble/tinybot_ws/install/tinybot_description/share/tinybot_description/cmake/tinybot_descriptionConfig-version.cmake
[0.554s] -- Up-to-date symlink: /home/sbzrobot/ROS2-Projects/My-ROS2-Humble/tinybot_ws/install/tinybot_description/share/tinybot_description/package.xml
[0.557s] Invoked command in '/home/sbzrobot/ROS2-Projects/My-ROS2-Humble/tinybot_ws/build/tinybot_description' returned '0': CMAKE_PREFIX_PATH=${CMAKE_PREFIX_PATH}:/opt/ros/humble /usr/bin/cmake --install /home/sbzrobot/ROS2-Projects/My-ROS2-Humble/tinybot_ws/build/tinybot_description
