[0.018s] Invoking command in '/home/sbzrobot/ROS2-Projects/My-ROS2-Humble/microROS/microros_ws/build/micro_ros_msgs': CMAKE_PREFIX_PATH=${CMAKE_PREFIX_PATH}:/opt/ros/humble /usr/bin/cmake /home/sbzrobot/ROS2-Projects/My-ROS2-Humble/microROS/microros_ws/src/uros/micro_ros_msgs -DUAGENT_BUILD_EXECUTABLE=OFF -DUAGENT_P2P_PROFILE=OFF --no-warn-unused-cli -DCMAKE_INSTALL_PREFIX=/home/sbzrobot/ROS2-Projects/My-ROS2-Humble/microROS/microros_ws/install/micro_ros_msgs
[0.036s] Not searching for unused variables given on the command line.
[0.117s] -- The C compiler identification is GNU 11.4.0
[0.210s] -- The CXX compiler identification is GNU 11.4.0
[0.224s] -- Detecting C compiler ABI info
[0.334s] -- Detecting C compiler ABI info - done
[0.346s] -- Check for working C compiler: /usr/bin/cc - skipped
[0.348s] -- Detecting C compile features
[0.349s] -- Detecting C compile features - done
[0.355s] -- Detecting CXX compiler ABI info
[0.481s] -- Detecting CXX compiler ABI info - done
[0.493s] -- Check for working CXX compiler: /usr/bin/c++ - skipped
[0.494s] -- Detecting CXX compile features
[0.494s] -- Detecting CXX compile features - done
[0.500s] -- Found ament_cmake: 1.3.11 (/opt/ros/humble/share/ament_cmake/cmake)
[0.735s] -- Found Python3: /usr/bin/python3 (found version "3.10.12") found components: Interpreter 
[0.892s] -- Found rosidl_default_generators: 1.2.0 (/opt/ros/humble/share/rosidl_default_generators/cmake)
[0.899s] -- Using all available rosidl_typesupport_c: rosidl_typesupport_fastrtps_c;rosidl_typesupport_introspection_c
[0.914s] -- Found rosidl_adapter: 3.1.6 (/opt/ros/humble/share/rosidl_adapter/cmake)
[1.005s] -- Using all available rosidl_typesupport_cpp: rosidl_typesupport_fastrtps_cpp;rosidl_typesupport_introspection_cpp
[1.099s] -- Found ament_lint_auto: 0.12.11 (/opt/ros/humble/share/ament_lint_auto/cmake)
[1.525s] -- Found ament_cmake_ros: 0.10.0 (/opt/ros/humble/share/ament_cmake_ros/cmake)
[1.813s] -- Using all available rosidl_typesupport_c: rosidl_typesupport_fastrtps_c;rosidl_typesupport_introspection_c
[2.178s] -- Using all available rosidl_typesupport_cpp: rosidl_typesupport_fastrtps_cpp;rosidl_typesupport_introspection_cpp
[2.215s] -- Found PythonInterp: /usr/bin/python3 (found suitable version "3.10.12", minimum required is "3.6") 
[2.219s] -- Found python_cmake_module: 0.10.0 (/opt/ros/humble/share/python_cmake_module/cmake)
[2.262s] -- Found PythonLibs: /usr/lib/x86_64-linux-gnu/libpython3.10.so (found suitable version "3.10.12", minimum required is "3.5") 
[2.262s] -- Using PYTHON_EXECUTABLE: /usr/bin/python3
[2.262s] -- Using PYTHON_INCLUDE_DIRS: /usr/include/python3.10
[2.262s] -- Using PYTHON_LIBRARIES: /usr/lib/x86_64-linux-gnu/libpython3.10.so
[2.294s] -- Found PythonExtra: .so  
[2.349s] -- Added test 'copyright' to check source files copyright and LICENSE
[2.365s] -- Added test 'lint_cmake' to check CMake code style
[2.374s] -- Added test 'xmllint' to check XML markup files
[2.386s] -- Configuring done
[2.441s] -- Generating done
[2.457s] -- Build files have been written to: /home/sbzrobot/ROS2-Projects/My-ROS2-Humble/microROS/microros_ws/build/micro_ros_msgs
[2.466s] Invoked command in '/home/sbzrobot/ROS2-Projects/My-ROS2-Humble/microROS/microros_ws/build/micro_ros_msgs' returned '0': CMAKE_PREFIX_PATH=${CMAKE_PREFIX_PATH}:/opt/ros/humble /usr/bin/cmake /home/sbzrobot/ROS2-Projects/My-ROS2-Humble/microROS/microros_ws/src/uros/micro_ros_msgs -DUAGENT_BUILD_EXECUTABLE=OFF -DUAGENT_P2P_PROFILE=OFF --no-warn-unused-cli -DCMAKE_INSTALL_PREFIX=/home/sbzrobot/ROS2-Projects/My-ROS2-Humble/microROS/microros_ws/install/micro_ros_msgs
[2.469s] Invoking command in '/home/sbzrobot/ROS2-Projects/My-ROS2-Humble/microROS/microros_ws/build/micro_ros_msgs': CMAKE_PREFIX_PATH=${CMAKE_PREFIX_PATH}:/opt/ros/humble /usr/bin/cmake --build /home/sbzrobot/ROS2-Projects/My-ROS2-Humble/microROS/microros_ws/build/micro_ros_msgs -- -j4 -l4
[2.536s] [  2%] [34m[1mGenerating C code for ROS interfaces[0m
[2.553s] [  4%] [34m[1mGenerating C++ code for ROS interfaces[0m
[2.567s] [  4%] Built target ament_cmake_python_copy_micro_ros_msgs
[3.193s] running egg_info
[3.194s] creating micro_ros_msgs.egg-info
[3.194s] writing micro_ros_msgs.egg-info/PKG-INFO
[3.195s] writing dependency_links to micro_ros_msgs.egg-info/dependency_links.txt
[3.195s] writing top-level names to micro_ros_msgs.egg-info/top_level.txt
[3.195s] writing manifest file 'micro_ros_msgs.egg-info/SOURCES.txt'
[3.201s] reading manifest file 'micro_ros_msgs.egg-info/SOURCES.txt'
[3.202s] writing manifest file 'micro_ros_msgs.egg-info/SOURCES.txt'
[3.267s] [  4%] Built target ament_cmake_python_build_micro_ros_msgs_egg
[3.395s] [  6%] [32mBuilding C object CMakeFiles/micro_ros_msgs__rosidl_generator_c.dir/rosidl_generator_c/micro_ros_msgs/msg/detail/graph__functions.c.o[0m
[3.414s] [  8%] [32mBuilding C object CMakeFiles/micro_ros_msgs__rosidl_generator_c.dir/rosidl_generator_c/micro_ros_msgs/msg/detail/node__functions.c.o[0m
[3.422s] [ 10%] [32mBuilding C object CMakeFiles/micro_ros_msgs__rosidl_generator_c.dir/rosidl_generator_c/micro_ros_msgs/msg/detail/entity__functions.c.o[0m
[3.467s] [ 10%] Built target micro_ros_msgs__cpp
[3.489s] [ 12%] [34m[1mGenerating C++ type support dispatch for ROS interfaces[0m
[3.539s] [ 14%] [34m[1mGenerating C++ type support for eProsima Fast-RTPS[0m
[3.539s] [ 17%] [32m[1mLinking C shared library libmicro_ros_msgs__rosidl_generator_c.so[0m
[3.548s] [ 19%] [34m[1mGenerating C++ introspection for ROS interfaces[0m
[3.632s] [ 19%] Built target micro_ros_msgs__rosidl_generator_c
[3.658s] [ 21%] [34m[1mGenerating C type support for eProsima Fast-RTPS[0m
[4.303s] [ 23%] [32mBuilding CXX object CMakeFiles/micro_ros_msgs__rosidl_typesupport_cpp.dir/rosidl_typesupport_cpp/micro_ros_msgs/msg/graph__type_support.cpp.o[0m
[4.505s] [ 25%] [32mBuilding CXX object CMakeFiles/micro_ros_msgs__rosidl_typesupport_introspection_cpp.dir/rosidl_typesupport_introspection_cpp/micro_ros_msgs/msg/detail/graph__type_support.cpp.o[0m
[4.557s] [ 27%] [32mBuilding CXX object CMakeFiles/micro_ros_msgs__rosidl_typesupport_fastrtps_cpp.dir/rosidl_typesupport_fastrtps_cpp/micro_ros_msgs/msg/detail/dds_fastrtps/graph__type_support.cpp.o[0m
[4.714s] [ 29%] [32mBuilding CXX object CMakeFiles/micro_ros_msgs__rosidl_typesupport_fastrtps_c.dir/rosidl_typesupport_fastrtps_c/micro_ros_msgs/msg/detail/graph__type_support_c.cpp.o[0m
[5.069s] [ 31%] [32mBuilding CXX object CMakeFiles/micro_ros_msgs__rosidl_typesupport_cpp.dir/rosidl_typesupport_cpp/micro_ros_msgs/msg/node__type_support.cpp.o[0m
[5.567s] [ 34%] [32mBuilding CXX object CMakeFiles/micro_ros_msgs__rosidl_typesupport_fastrtps_c.dir/rosidl_typesupport_fastrtps_c/micro_ros_msgs/msg/detail/node__type_support_c.cpp.o[0m
[5.744s] [ 36%] [32mBuilding CXX object CMakeFiles/micro_ros_msgs__rosidl_typesupport_fastrtps_cpp.dir/rosidl_typesupport_fastrtps_cpp/micro_ros_msgs/msg/detail/dds_fastrtps/node__type_support.cpp.o[0m
[5.796s] [ 38%] [32mBuilding CXX object CMakeFiles/micro_ros_msgs__rosidl_typesupport_cpp.dir/rosidl_typesupport_cpp/micro_ros_msgs/msg/entity__type_support.cpp.o[0m
[5.952s] [ 40%] [32mBuilding CXX object CMakeFiles/micro_ros_msgs__rosidl_typesupport_introspection_cpp.dir/rosidl_typesupport_introspection_cpp/micro_ros_msgs/msg/detail/node__type_support.cpp.o[0m
[6.440s] [ 42%] [32mBuilding CXX object CMakeFiles/micro_ros_msgs__rosidl_typesupport_fastrtps_c.dir/rosidl_typesupport_fastrtps_c/micro_ros_msgs/msg/detail/entity__type_support_c.cpp.o[0m
[6.506s] [ 44%] [32m[1mLinking CXX shared library libmicro_ros_msgs__rosidl_typesupport_cpp.so[0m
[6.722s] [ 44%] Built target micro_ros_msgs__rosidl_typesupport_cpp
[6.755s] [ 46%] [34m[1mGenerating C introspection for ROS interfaces[0m
[7.011s] [ 48%] [32mBuilding CXX object CMakeFiles/micro_ros_msgs__rosidl_typesupport_fastrtps_cpp.dir/rosidl_typesupport_fastrtps_cpp/micro_ros_msgs/msg/detail/dds_fastrtps/entity__type_support.cpp.o[0m
[7.253s] [ 51%] [32mBuilding CXX object CMakeFiles/micro_ros_msgs__rosidl_typesupport_introspection_cpp.dir/rosidl_typesupport_introspection_cpp/micro_ros_msgs/msg/detail/entity__type_support.cpp.o[0m
[7.396s] [ 53%] [32m[1mLinking CXX shared library libmicro_ros_msgs__rosidl_typesupport_fastrtps_c.so[0m
[7.591s] [ 53%] Built target micro_ros_msgs__rosidl_typesupport_fastrtps_c
[7.614s] [ 55%] [34m[1mGenerating C type support dispatch for ROS interfaces[0m
[7.804s] [ 57%] [32mBuilding C object CMakeFiles/micro_ros_msgs__rosidl_typesupport_introspection_c.dir/rosidl_typesupport_introspection_c/micro_ros_msgs/msg/detail/graph__type_support.c.o[0m
[7.898s] [ 59%] [32mBuilding C object CMakeFiles/micro_ros_msgs__rosidl_typesupport_introspection_c.dir/rosidl_typesupport_introspection_c/micro_ros_msgs/msg/detail/node__type_support.c.o[0m
[7.988s] [ 61%] [32mBuilding C object CMakeFiles/micro_ros_msgs__rosidl_typesupport_introspection_c.dir/rosidl_typesupport_introspection_c/micro_ros_msgs/msg/detail/entity__type_support.c.o[0m
[8.078s] [ 63%] [32m[1mLinking C shared library libmicro_ros_msgs__rosidl_typesupport_introspection_c.so[0m
[8.133s] [ 65%] [32m[1mLinking CXX shared library libmicro_ros_msgs__rosidl_typesupport_fastrtps_cpp.so[0m
[8.151s] [ 65%] Built target micro_ros_msgs__rosidl_typesupport_introspection_c
[8.313s] [ 65%] Built target micro_ros_msgs__rosidl_typesupport_fastrtps_cpp
[8.341s] [ 68%] [32m[1mLinking CXX shared library libmicro_ros_msgs__rosidl_typesupport_introspection_cpp.so[0m
[8.398s] [ 70%] [32mBuilding CXX object CMakeFiles/micro_ros_msgs__rosidl_typesupport_c.dir/rosidl_typesupport_c/micro_ros_msgs/msg/entity__type_support.cpp.o[0m
[8.398s] [ 72%] [32mBuilding CXX object CMakeFiles/micro_ros_msgs__rosidl_typesupport_c.dir/rosidl_typesupport_c/micro_ros_msgs/msg/node__type_support.cpp.o[0m
[8.399s] [ 74%] [32mBuilding CXX object CMakeFiles/micro_ros_msgs__rosidl_typesupport_c.dir/rosidl_typesupport_c/micro_ros_msgs/msg/graph__type_support.cpp.o[0m
[8.468s] [ 76%] [32m[1mLinking CXX shared library libmicro_ros_msgs__rosidl_typesupport_c.so[0m
[8.511s] [ 76%] Built target micro_ros_msgs__rosidl_typesupport_introspection_cpp
[8.540s] [ 76%] Built target micro_ros_msgs__rosidl_typesupport_c
[8.571s] [ 76%] Built target micro_ros_msgs
[8.604s] [ 78%] [34m[1mGenerating Python code for ROS interfaces[0m
[9.408s] [ 78%] Built target micro_ros_msgs__py
[9.441s] [ 80%] [32mBuilding C object CMakeFiles/micro_ros_msgs__rosidl_generator_py.dir/rosidl_generator_py/micro_ros_msgs/msg/_node_s.c.o[0m
[9.445s] [ 82%] [32mBuilding C object CMakeFiles/micro_ros_msgs__rosidl_generator_py.dir/rosidl_generator_py/micro_ros_msgs/msg/_graph_s.c.o[0m
[9.445s] [ 85%] [32mBuilding C object CMakeFiles/micro_ros_msgs__rosidl_generator_py.dir/rosidl_generator_py/micro_ros_msgs/msg/_entity_s.c.o[0m
[9.697s] [ 87%] [32m[1mLinking C shared library rosidl_generator_py/micro_ros_msgs/libmicro_ros_msgs__rosidl_generator_py.so[0m
[9.761s] [ 87%] Built target micro_ros_msgs__rosidl_generator_py
[9.796s] [ 89%] [32mBuilding C object CMakeFiles/micro_ros_msgs__rosidl_typesupport_introspection_c__pyext.dir/rosidl_generator_py/micro_ros_msgs/_micro_ros_msgs_s.ep.rosidl_typesupport_introspection_c.c.o[0m
[9.806s] [ 93%] [32mBuilding C object CMakeFiles/micro_ros_msgs__rosidl_typesupport_c__pyext.dir/rosidl_generator_py/micro_ros_msgs/_micro_ros_msgs_s.ep.rosidl_typesupport_c.c.o[0m
[9.807s] [ 93%] [32mBuilding C object CMakeFiles/micro_ros_msgs__rosidl_typesupport_fastrtps_c__pyext.dir/rosidl_generator_py/micro_ros_msgs/_micro_ros_msgs_s.ep.rosidl_typesupport_fastrtps_c.c.o[0m
[9.962s] [ 95%] [32m[1mLinking C shared library rosidl_generator_py/micro_ros_msgs/micro_ros_msgs_s__rosidl_typesupport_introspection_c.cpython-310-x86_64-linux-gnu.so[0m
[10.021s] [ 95%] Built target micro_ros_msgs__rosidl_typesupport_introspection_c__pyext
[10.054s] [ 97%] [32m[1mLinking C shared library rosidl_generator_py/micro_ros_msgs/micro_ros_msgs_s__rosidl_typesupport_c.cpython-310-x86_64-linux-gnu.so[0m
[10.064s] [100%] [32m[1mLinking C shared library rosidl_generator_py/micro_ros_msgs/micro_ros_msgs_s__rosidl_typesupport_fastrtps_c.cpython-310-x86_64-linux-gnu.so[0m
[10.111s] [100%] Built target micro_ros_msgs__rosidl_typesupport_c__pyext
[10.122s] [100%] Built target micro_ros_msgs__rosidl_typesupport_fastrtps_c__pyext
[10.141s] Invoked command in '/home/sbzrobot/ROS2-Projects/My-ROS2-Humble/microROS/microros_ws/build/micro_ros_msgs' returned '0': CMAKE_PREFIX_PATH=${CMAKE_PREFIX_PATH}:/opt/ros/humble /usr/bin/cmake --build /home/sbzrobot/ROS2-Projects/My-ROS2-Humble/microROS/microros_ws/build/micro_ros_msgs -- -j4 -l4
[10.156s] Invoking command in '/home/sbzrobot/ROS2-Projects/My-ROS2-Humble/microROS/microros_ws/build/micro_ros_msgs': CMAKE_PREFIX_PATH=${CMAKE_PREFIX_PATH}:/opt/ros/humble /usr/bin/cmake --install /home/sbzrobot/ROS2-Projects/My-ROS2-Humble/microROS/microros_ws/build/micro_ros_msgs
[10.169s] -- Install configuration: ""
[10.169s] -- Installing: /home/sbzrobot/ROS2-Projects/My-ROS2-Humble/microROS/microros_ws/install/micro_ros_msgs/share/ament_index/resource_index/rosidl_interfaces/micro_ros_msgs
[10.169s] -- Installing: /home/sbzrobot/ROS2-Projects/My-ROS2-Humble/microROS/microros_ws/install/micro_ros_msgs/include/micro_ros_msgs/micro_ros_msgs
[10.170s] -- Installing: /home/sbzrobot/ROS2-Projects/My-ROS2-Humble/microROS/microros_ws/install/micro_ros_msgs/include/micro_ros_msgs/micro_ros_msgs/msg
[10.170s] -- Installing: /home/sbzrobot/ROS2-Projects/My-ROS2-Humble/microROS/microros_ws/install/micro_ros_msgs/include/micro_ros_msgs/micro_ros_msgs/msg/detail
[10.170s] -- Installing: /home/sbzrobot/ROS2-Projects/My-ROS2-Humble/microROS/microros_ws/install/micro_ros_msgs/include/micro_ros_msgs/micro_ros_msgs/msg/detail/node__functions.h
[10.171s] -- Installing: /home/sbzrobot/ROS2-Projects/My-ROS2-Humble/microROS/microros_ws/install/micro_ros_msgs/include/micro_ros_msgs/micro_ros_msgs/msg/detail/graph__functions.c
[10.171s] -- Installing: /home/sbzrobot/ROS2-Projects/My-ROS2-Humble/microROS/microros_ws/install/micro_ros_msgs/include/micro_ros_msgs/micro_ros_msgs/msg/detail/entity__functions.c
[10.171s] -- Installing: /home/sbzrobot/ROS2-Projects/My-ROS2-Humble/microROS/microros_ws/install/micro_ros_msgs/include/micro_ros_msgs/micro_ros_msgs/msg/detail/node__functions.c
[10.171s] -- Installing: /home/sbzrobot/ROS2-Projects/My-ROS2-Humble/microROS/microros_ws/install/micro_ros_msgs/include/micro_ros_msgs/micro_ros_msgs/msg/detail/entity__type_support.h
[10.172s] -- Installing: /home/sbzrobot/ROS2-Projects/My-ROS2-Humble/microROS/microros_ws/install/micro_ros_msgs/include/micro_ros_msgs/micro_ros_msgs/msg/detail/entity__struct.h
[10.172s] -- Installing: /home/sbzrobot/ROS2-Projects/My-ROS2-Humble/microROS/microros_ws/install/micro_ros_msgs/include/micro_ros_msgs/micro_ros_msgs/msg/detail/entity__functions.h
[10.172s] -- Installing: /home/sbzrobot/ROS2-Projects/My-ROS2-Humble/microROS/microros_ws/install/micro_ros_msgs/include/micro_ros_msgs/micro_ros_msgs/msg/detail/node__type_support.h
[10.172s] -- Installing: /home/sbzrobot/ROS2-Projects/My-ROS2-Humble/microROS/microros_ws/install/micro_ros_msgs/include/micro_ros_msgs/micro_ros_msgs/msg/detail/node__struct.h
[10.173s] -- Installing: /home/sbzrobot/ROS2-Projects/My-ROS2-Humble/microROS/microros_ws/install/micro_ros_msgs/include/micro_ros_msgs/micro_ros_msgs/msg/detail/graph__type_support.h
[10.173s] -- Installing: /home/sbzrobot/ROS2-Projects/My-ROS2-Humble/microROS/microros_ws/install/micro_ros_msgs/include/micro_ros_msgs/micro_ros_msgs/msg/detail/graph__struct.h
[10.173s] -- Installing: /home/sbzrobot/ROS2-Projects/My-ROS2-Humble/microROS/microros_ws/install/micro_ros_msgs/include/micro_ros_msgs/micro_ros_msgs/msg/detail/graph__functions.h
[10.174s] -- Installing: /home/sbzrobot/ROS2-Projects/My-ROS2-Humble/microROS/microros_ws/install/micro_ros_msgs/include/micro_ros_msgs/micro_ros_msgs/msg/entity.h
[10.174s] -- Installing: /home/sbzrobot/ROS2-Projects/My-ROS2-Humble/microROS/microros_ws/install/micro_ros_msgs/include/micro_ros_msgs/micro_ros_msgs/msg/graph.h
[10.174s] -- Installing: /home/sbzrobot/ROS2-Projects/My-ROS2-Humble/microROS/microros_ws/install/micro_ros_msgs/include/micro_ros_msgs/micro_ros_msgs/msg/rosidl_generator_c__visibility_control.h
[10.174s] -- Installing: /home/sbzrobot/ROS2-Projects/My-ROS2-Humble/microROS/microros_ws/install/micro_ros_msgs/include/micro_ros_msgs/micro_ros_msgs/msg/node.h
[10.175s] -- Installing: /home/sbzrobot/ROS2-Projects/My-ROS2-Humble/microROS/microros_ws/install/micro_ros_msgs/share/micro_ros_msgs/environment/library_path.sh
[10.175s] -- Installing: /home/sbzrobot/ROS2-Projects/My-ROS2-Humble/microROS/microros_ws/install/micro_ros_msgs/share/micro_ros_msgs/environment/library_path.dsv
[10.176s] -- Installing: /home/sbzrobot/ROS2-Projects/My-ROS2-Humble/microROS/microros_ws/install/micro_ros_msgs/lib/libmicro_ros_msgs__rosidl_generator_c.so
[10.177s] -- Set runtime path of "/home/sbzrobot/ROS2-Projects/My-ROS2-Humble/microROS/microros_ws/install/micro_ros_msgs/lib/libmicro_ros_msgs__rosidl_generator_c.so" to ""
[10.177s] -- Up-to-date: /home/sbzrobot/ROS2-Projects/My-ROS2-Humble/microROS/microros_ws/install/micro_ros_msgs/include/micro_ros_msgs/micro_ros_msgs
[10.177s] -- Up-to-date: /home/sbzrobot/ROS2-Projects/My-ROS2-Humble/microROS/microros_ws/install/micro_ros_msgs/include/micro_ros_msgs/micro_ros_msgs/msg
[10.177s] -- Up-to-date: /home/sbzrobot/ROS2-Projects/My-ROS2-Humble/microROS/microros_ws/install/micro_ros_msgs/include/micro_ros_msgs/micro_ros_msgs/msg/detail
[10.178s] -- Installing: /home/sbzrobot/ROS2-Projects/My-ROS2-Humble/microROS/microros_ws/install/micro_ros_msgs/include/micro_ros_msgs/micro_ros_msgs/msg/detail/entity__rosidl_typesupport_fastrtps_c.h
[10.178s] -- Installing: /home/sbzrobot/ROS2-Projects/My-ROS2-Humble/microROS/microros_ws/install/micro_ros_msgs/include/micro_ros_msgs/micro_ros_msgs/msg/detail/graph__rosidl_typesupport_fastrtps_c.h
[10.178s] -- Installing: /home/sbzrobot/ROS2-Projects/My-ROS2-Humble/microROS/microros_ws/install/micro_ros_msgs/include/micro_ros_msgs/micro_ros_msgs/msg/detail/node__rosidl_typesupport_fastrtps_c.h
[10.178s] -- Installing: /home/sbzrobot/ROS2-Projects/My-ROS2-Humble/microROS/microros_ws/install/micro_ros_msgs/include/micro_ros_msgs/micro_ros_msgs/msg/rosidl_typesupport_fastrtps_c__visibility_control.h
[10.179s] -- Installing: /home/sbzrobot/ROS2-Projects/My-ROS2-Humble/microROS/microros_ws/install/micro_ros_msgs/lib/libmicro_ros_msgs__rosidl_typesupport_fastrtps_c.so
[10.179s] -- Set runtime path of "/home/sbzrobot/ROS2-Projects/My-ROS2-Humble/microROS/microros_ws/install/micro_ros_msgs/lib/libmicro_ros_msgs__rosidl_typesupport_fastrtps_c.so" to ""
[10.180s] -- Up-to-date: /home/sbzrobot/ROS2-Projects/My-ROS2-Humble/microROS/microros_ws/install/micro_ros_msgs/include/micro_ros_msgs/micro_ros_msgs
[10.180s] -- Up-to-date: /home/sbzrobot/ROS2-Projects/My-ROS2-Humble/microROS/microros_ws/install/micro_ros_msgs/include/micro_ros_msgs/micro_ros_msgs/msg
[10.180s] -- Up-to-date: /home/sbzrobot/ROS2-Projects/My-ROS2-Humble/microROS/microros_ws/install/micro_ros_msgs/include/micro_ros_msgs/micro_ros_msgs/msg/detail
[10.180s] -- Installing: /home/sbzrobot/ROS2-Projects/My-ROS2-Humble/microROS/microros_ws/install/micro_ros_msgs/include/micro_ros_msgs/micro_ros_msgs/msg/detail/entity__type_support.c
[10.181s] -- Installing: /home/sbzrobot/ROS2-Projects/My-ROS2-Humble/microROS/microros_ws/install/micro_ros_msgs/include/micro_ros_msgs/micro_ros_msgs/msg/detail/node__type_support.c
[10.181s] -- Installing: /home/sbzrobot/ROS2-Projects/My-ROS2-Humble/microROS/microros_ws/install/micro_ros_msgs/include/micro_ros_msgs/micro_ros_msgs/msg/detail/graph__type_support.c
[10.181s] -- Installing: /home/sbzrobot/ROS2-Projects/My-ROS2-Humble/microROS/microros_ws/install/micro_ros_msgs/include/micro_ros_msgs/micro_ros_msgs/msg/detail/graph__rosidl_typesupport_introspection_c.h
[10.181s] -- Installing: /home/sbzrobot/ROS2-Projects/My-ROS2-Humble/microROS/microros_ws/install/micro_ros_msgs/include/micro_ros_msgs/micro_ros_msgs/msg/detail/entity__rosidl_typesupport_introspection_c.h
[10.181s] -- Installing: /home/sbzrobot/ROS2-Projects/My-ROS2-Humble/microROS/microros_ws/install/micro_ros_msgs/include/micro_ros_msgs/micro_ros_msgs/msg/detail/node__rosidl_typesupport_introspection_c.h
[10.182s] -- Installing: /home/sbzrobot/ROS2-Projects/My-ROS2-Humble/microROS/microros_ws/install/micro_ros_msgs/include/micro_ros_msgs/micro_ros_msgs/msg/rosidl_typesupport_introspection_c__visibility_control.h
[10.182s] -- Installing: /home/sbzrobot/ROS2-Projects/My-ROS2-Humble/microROS/microros_ws/install/micro_ros_msgs/lib/libmicro_ros_msgs__rosidl_typesupport_introspection_c.so
[10.183s] -- Set runtime path of "/home/sbzrobot/ROS2-Projects/My-ROS2-Humble/microROS/microros_ws/install/micro_ros_msgs/lib/libmicro_ros_msgs__rosidl_typesupport_introspection_c.so" to ""
[10.183s] -- Installing: /home/sbzrobot/ROS2-Projects/My-ROS2-Humble/microROS/microros_ws/install/micro_ros_msgs/lib/libmicro_ros_msgs__rosidl_typesupport_c.so
[10.184s] -- Set runtime path of "/home/sbzrobot/ROS2-Projects/My-ROS2-Humble/microROS/microros_ws/install/micro_ros_msgs/lib/libmicro_ros_msgs__rosidl_typesupport_c.so" to ""
[10.184s] -- Up-to-date: /home/sbzrobot/ROS2-Projects/My-ROS2-Humble/microROS/microros_ws/install/micro_ros_msgs/include/micro_ros_msgs/micro_ros_msgs
[10.184s] -- Up-to-date: /home/sbzrobot/ROS2-Projects/My-ROS2-Humble/microROS/microros_ws/install/micro_ros_msgs/include/micro_ros_msgs/micro_ros_msgs/msg
[10.185s] -- Installing: /home/sbzrobot/ROS2-Projects/My-ROS2-Humble/microROS/microros_ws/install/micro_ros_msgs/include/micro_ros_msgs/micro_ros_msgs/msg/entity.hpp
[10.185s] -- Up-to-date: /home/sbzrobot/ROS2-Projects/My-ROS2-Humble/microROS/microros_ws/install/micro_ros_msgs/include/micro_ros_msgs/micro_ros_msgs/msg/detail
[10.185s] -- Installing: /home/sbzrobot/ROS2-Projects/My-ROS2-Humble/microROS/microros_ws/install/micro_ros_msgs/include/micro_ros_msgs/micro_ros_msgs/msg/detail/entity__type_support.hpp
[10.185s] -- Installing: /home/sbzrobot/ROS2-Projects/My-ROS2-Humble/microROS/microros_ws/install/micro_ros_msgs/include/micro_ros_msgs/micro_ros_msgs/msg/detail/graph__builder.hpp
[10.186s] -- Installing: /home/sbzrobot/ROS2-Projects/My-ROS2-Humble/microROS/microros_ws/install/micro_ros_msgs/include/micro_ros_msgs/micro_ros_msgs/msg/detail/node__builder.hpp
[10.186s] -- Installing: /home/sbzrobot/ROS2-Projects/My-ROS2-Humble/microROS/microros_ws/install/micro_ros_msgs/include/micro_ros_msgs/micro_ros_msgs/msg/detail/node__traits.hpp
[10.186s] -- Installing: /home/sbzrobot/ROS2-Projects/My-ROS2-Humble/microROS/microros_ws/install/micro_ros_msgs/include/micro_ros_msgs/micro_ros_msgs/msg/detail/entity__traits.hpp
[10.186s] -- Installing: /home/sbzrobot/ROS2-Projects/My-ROS2-Humble/microROS/microros_ws/install/micro_ros_msgs/include/micro_ros_msgs/micro_ros_msgs/msg/detail/node__type_support.hpp
[10.187s] -- Installing: /home/sbzrobot/ROS2-Projects/My-ROS2-Humble/microROS/microros_ws/install/micro_ros_msgs/include/micro_ros_msgs/micro_ros_msgs/msg/detail/node__struct.hpp
[10.187s] -- Installing: /home/sbzrobot/ROS2-Projects/My-ROS2-Humble/microROS/microros_ws/install/micro_ros_msgs/include/micro_ros_msgs/micro_ros_msgs/msg/detail/graph__traits.hpp
[10.187s] -- Installing: /home/sbzrobot/ROS2-Projects/My-ROS2-Humble/microROS/microros_ws/install/micro_ros_msgs/include/micro_ros_msgs/micro_ros_msgs/msg/detail/entity__struct.hpp
[10.188s] -- Installing: /home/sbzrobot/ROS2-Projects/My-ROS2-Humble/microROS/microros_ws/install/micro_ros_msgs/include/micro_ros_msgs/micro_ros_msgs/msg/detail/entity__builder.hpp
[10.188s] -- Installing: /home/sbzrobot/ROS2-Projects/My-ROS2-Humble/microROS/microros_ws/install/micro_ros_msgs/include/micro_ros_msgs/micro_ros_msgs/msg/detail/graph__struct.hpp
[10.188s] -- Installing: /home/sbzrobot/ROS2-Projects/My-ROS2-Humble/microROS/microros_ws/install/micro_ros_msgs/include/micro_ros_msgs/micro_ros_msgs/msg/detail/graph__type_support.hpp
[10.188s] -- Installing: /home/sbzrobot/ROS2-Projects/My-ROS2-Humble/microROS/microros_ws/install/micro_ros_msgs/include/micro_ros_msgs/micro_ros_msgs/msg/rosidl_generator_cpp__visibility_control.hpp
[10.189s] -- Installing: /home/sbzrobot/ROS2-Projects/My-ROS2-Humble/microROS/microros_ws/install/micro_ros_msgs/include/micro_ros_msgs/micro_ros_msgs/msg/graph.hpp
[10.189s] -- Installing: /home/sbzrobot/ROS2-Projects/My-ROS2-Humble/microROS/microros_ws/install/micro_ros_msgs/include/micro_ros_msgs/micro_ros_msgs/msg/node.hpp
[10.189s] -- Up-to-date: /home/sbzrobot/ROS2-Projects/My-ROS2-Humble/microROS/microros_ws/install/micro_ros_msgs/include/micro_ros_msgs/micro_ros_msgs
[10.189s] -- Up-to-date: /home/sbzrobot/ROS2-Projects/My-ROS2-Humble/microROS/microros_ws/install/micro_ros_msgs/include/micro_ros_msgs/micro_ros_msgs/msg
[10.190s] -- Up-to-date: /home/sbzrobot/ROS2-Projects/My-ROS2-Humble/microROS/microros_ws/install/micro_ros_msgs/include/micro_ros_msgs/micro_ros_msgs/msg/detail
[10.190s] -- Installing: /home/sbzrobot/ROS2-Projects/My-ROS2-Humble/microROS/microros_ws/install/micro_ros_msgs/include/micro_ros_msgs/micro_ros_msgs/msg/detail/dds_fastrtps
[10.190s] -- Installing: /home/sbzrobot/ROS2-Projects/My-ROS2-Humble/microROS/microros_ws/install/micro_ros_msgs/include/micro_ros_msgs/micro_ros_msgs/msg/detail/graph__rosidl_typesupport_fastrtps_cpp.hpp
[10.190s] -- Installing: /home/sbzrobot/ROS2-Projects/My-ROS2-Humble/microROS/microros_ws/install/micro_ros_msgs/include/micro_ros_msgs/micro_ros_msgs/msg/detail/entity__rosidl_typesupport_fastrtps_cpp.hpp
[10.191s] -- Installing: /home/sbzrobot/ROS2-Projects/My-ROS2-Humble/microROS/microros_ws/install/micro_ros_msgs/include/micro_ros_msgs/micro_ros_msgs/msg/detail/node__rosidl_typesupport_fastrtps_cpp.hpp
[10.191s] -- Installing: /home/sbzrobot/ROS2-Projects/My-ROS2-Humble/microROS/microros_ws/install/micro_ros_msgs/include/micro_ros_msgs/micro_ros_msgs/msg/rosidl_typesupport_fastrtps_cpp__visibility_control.h
[10.191s] -- Installing: /home/sbzrobot/ROS2-Projects/My-ROS2-Humble/microROS/microros_ws/install/micro_ros_msgs/lib/libmicro_ros_msgs__rosidl_typesupport_fastrtps_cpp.so
[10.192s] -- Set runtime path of "/home/sbzrobot/ROS2-Projects/My-ROS2-Humble/microROS/microros_ws/install/micro_ros_msgs/lib/libmicro_ros_msgs__rosidl_typesupport_fastrtps_cpp.so" to ""
[10.192s] -- Up-to-date: /home/sbzrobot/ROS2-Projects/My-ROS2-Humble/microROS/microros_ws/install/micro_ros_msgs/include/micro_ros_msgs/micro_ros_msgs
[10.193s] -- Up-to-date: /home/sbzrobot/ROS2-Projects/My-ROS2-Humble/microROS/microros_ws/install/micro_ros_msgs/include/micro_ros_msgs/micro_ros_msgs/msg
[10.193s] -- Up-to-date: /home/sbzrobot/ROS2-Projects/My-ROS2-Humble/microROS/microros_ws/install/micro_ros_msgs/include/micro_ros_msgs/micro_ros_msgs/msg/detail
[10.193s] -- Installing: /home/sbzrobot/ROS2-Projects/My-ROS2-Humble/microROS/microros_ws/install/micro_ros_msgs/include/micro_ros_msgs/micro_ros_msgs/msg/detail/node__type_support.cpp
[10.193s] -- Installing: /home/sbzrobot/ROS2-Projects/My-ROS2-Humble/microROS/microros_ws/install/micro_ros_msgs/include/micro_ros_msgs/micro_ros_msgs/msg/detail/entity__rosidl_typesupport_introspection_cpp.hpp
[10.193s] -- Installing: /home/sbzrobot/ROS2-Projects/My-ROS2-Humble/microROS/microros_ws/install/micro_ros_msgs/include/micro_ros_msgs/micro_ros_msgs/msg/detail/entity__type_support.cpp
[10.194s] -- Installing: /home/sbzrobot/ROS2-Projects/My-ROS2-Humble/microROS/microros_ws/install/micro_ros_msgs/include/micro_ros_msgs/micro_ros_msgs/msg/detail/node__rosidl_typesupport_introspection_cpp.hpp
[10.194s] -- Installing: /home/sbzrobot/ROS2-Projects/My-ROS2-Humble/microROS/microros_ws/install/micro_ros_msgs/include/micro_ros_msgs/micro_ros_msgs/msg/detail/graph__rosidl_typesupport_introspection_cpp.hpp
[10.194s] -- Installing: /home/sbzrobot/ROS2-Projects/My-ROS2-Humble/microROS/microros_ws/install/micro_ros_msgs/include/micro_ros_msgs/micro_ros_msgs/msg/detail/graph__type_support.cpp
[10.194s] -- Installing: /home/sbzrobot/ROS2-Projects/My-ROS2-Humble/microROS/microros_ws/install/micro_ros_msgs/lib/libmicro_ros_msgs__rosidl_typesupport_introspection_cpp.so
[10.195s] -- Set runtime path of "/home/sbzrobot/ROS2-Projects/My-ROS2-Humble/microROS/microros_ws/install/micro_ros_msgs/lib/libmicro_ros_msgs__rosidl_typesupport_introspection_cpp.so" to ""
[10.196s] -- Installing: /home/sbzrobot/ROS2-Projects/My-ROS2-Humble/microROS/microros_ws/install/micro_ros_msgs/lib/libmicro_ros_msgs__rosidl_typesupport_cpp.so
[10.197s] -- Set runtime path of "/home/sbzrobot/ROS2-Projects/My-ROS2-Humble/microROS/microros_ws/install/micro_ros_msgs/lib/libmicro_ros_msgs__rosidl_typesupport_cpp.so" to ""
[10.197s] -- Installing: /home/sbzrobot/ROS2-Projects/My-ROS2-Humble/microROS/microros_ws/install/micro_ros_msgs/share/micro_ros_msgs/environment/pythonpath.sh
[10.197s] -- Installing: /home/sbzrobot/ROS2-Projects/My-ROS2-Humble/microROS/microros_ws/install/micro_ros_msgs/share/micro_ros_msgs/environment/pythonpath.dsv
[10.197s] -- Installing: /home/sbzrobot/ROS2-Projects/My-ROS2-Humble/microROS/microros_ws/install/micro_ros_msgs/local/lib/python3.10/dist-packages/micro_ros_msgs-3.0.1-py3.10.egg-info
[10.198s] -- Installing: /home/sbzrobot/ROS2-Projects/My-ROS2-Humble/microROS/microros_ws/install/micro_ros_msgs/local/lib/python3.10/dist-packages/micro_ros_msgs-3.0.1-py3.10.egg-info/top_level.txt
[10.198s] -- Installing: /home/sbzrobot/ROS2-Projects/My-ROS2-Humble/microROS/microros_ws/install/micro_ros_msgs/local/lib/python3.10/dist-packages/micro_ros_msgs-3.0.1-py3.10.egg-info/SOURCES.txt
[10.198s] -- Installing: /home/sbzrobot/ROS2-Projects/My-ROS2-Humble/microROS/microros_ws/install/micro_ros_msgs/local/lib/python3.10/dist-packages/micro_ros_msgs-3.0.1-py3.10.egg-info/PKG-INFO
[10.199s] -- Installing: /home/sbzrobot/ROS2-Projects/My-ROS2-Humble/microROS/microros_ws/install/micro_ros_msgs/local/lib/python3.10/dist-packages/micro_ros_msgs-3.0.1-py3.10.egg-info/dependency_links.txt
[10.199s] -- Installing: /home/sbzrobot/ROS2-Projects/My-ROS2-Humble/microROS/microros_ws/install/micro_ros_msgs/local/lib/python3.10/dist-packages/micro_ros_msgs
[10.199s] -- Installing: /home/sbzrobot/ROS2-Projects/My-ROS2-Humble/microROS/microros_ws/install/micro_ros_msgs/local/lib/python3.10/dist-packages/micro_ros_msgs/micro_ros_msgs_s__rosidl_typesupport_fastrtps_c.cpython-310-x86_64-linux-gnu.so
[10.199s] -- Installing: /home/sbzrobot/ROS2-Projects/My-ROS2-Humble/microROS/microros_ws/install/micro_ros_msgs/local/lib/python3.10/dist-packages/micro_ros_msgs/_micro_ros_msgs_s.ep.rosidl_typesupport_c.c
[10.200s] -- Installing: /home/sbzrobot/ROS2-Projects/My-ROS2-Humble/microROS/microros_ws/install/micro_ros_msgs/local/lib/python3.10/dist-packages/micro_ros_msgs/_micro_ros_msgs_s.ep.rosidl_typesupport_introspection_c.c
[10.200s] -- Installing: /home/sbzrobot/ROS2-Projects/My-ROS2-Humble/microROS/microros_ws/install/micro_ros_msgs/local/lib/python3.10/dist-packages/micro_ros_msgs/micro_ros_msgs_s__rosidl_typesupport_introspection_c.cpython-310-x86_64-linux-gnu.so
[10.200s] -- Installing: /home/sbzrobot/ROS2-Projects/My-ROS2-Humble/microROS/microros_ws/install/micro_ros_msgs/local/lib/python3.10/dist-packages/micro_ros_msgs/__init__.py
[10.200s] -- Installing: /home/sbzrobot/ROS2-Projects/My-ROS2-Humble/microROS/microros_ws/install/micro_ros_msgs/local/lib/python3.10/dist-packages/micro_ros_msgs/libmicro_ros_msgs__rosidl_generator_py.so
[10.201s] -- Installing: /home/sbzrobot/ROS2-Projects/My-ROS2-Humble/microROS/microros_ws/install/micro_ros_msgs/local/lib/python3.10/dist-packages/micro_ros_msgs/micro_ros_msgs_s__rosidl_typesupport_c.cpython-310-x86_64-linux-gnu.so
[10.201s] -- Installing: /home/sbzrobot/ROS2-Projects/My-ROS2-Humble/microROS/microros_ws/install/micro_ros_msgs/local/lib/python3.10/dist-packages/micro_ros_msgs/_micro_ros_msgs_s.ep.rosidl_typesupport_fastrtps_c.c
[10.201s] -- Installing: /home/sbzrobot/ROS2-Projects/My-ROS2-Humble/microROS/microros_ws/install/micro_ros_msgs/local/lib/python3.10/dist-packages/micro_ros_msgs/msg
[10.202s] -- Installing: /home/sbzrobot/ROS2-Projects/My-ROS2-Humble/microROS/microros_ws/install/micro_ros_msgs/local/lib/python3.10/dist-packages/micro_ros_msgs/msg/_entity_s.c
[10.202s] -- Installing: /home/sbzrobot/ROS2-Projects/My-ROS2-Humble/microROS/microros_ws/install/micro_ros_msgs/local/lib/python3.10/dist-packages/micro_ros_msgs/msg/_graph_s.c
[10.202s] -- Installing: /home/sbzrobot/ROS2-Projects/My-ROS2-Humble/microROS/microros_ws/install/micro_ros_msgs/local/lib/python3.10/dist-packages/micro_ros_msgs/msg/__init__.py
[10.202s] -- Installing: /home/sbzrobot/ROS2-Projects/My-ROS2-Humble/microROS/microros_ws/install/micro_ros_msgs/local/lib/python3.10/dist-packages/micro_ros_msgs/msg/_node_s.c
[10.203s] -- Installing: /home/sbzrobot/ROS2-Projects/My-ROS2-Humble/microROS/microros_ws/install/micro_ros_msgs/local/lib/python3.10/dist-packages/micro_ros_msgs/msg/_entity.py
[10.203s] -- Installing: /home/sbzrobot/ROS2-Projects/My-ROS2-Humble/microROS/microros_ws/install/micro_ros_msgs/local/lib/python3.10/dist-packages/micro_ros_msgs/msg/_node.py
[10.203s] -- Installing: /home/sbzrobot/ROS2-Projects/My-ROS2-Humble/microROS/microros_ws/install/micro_ros_msgs/local/lib/python3.10/dist-packages/micro_ros_msgs/msg/_graph.py
[10.259s] Listing '/home/sbzrobot/ROS2-Projects/My-ROS2-Humble/microROS/microros_ws/install/micro_ros_msgs/local/lib/python3.10/dist-packages/micro_ros_msgs'...
[10.260s] Compiling '/home/sbzrobot/ROS2-Projects/My-ROS2-Humble/microROS/microros_ws/install/micro_ros_msgs/local/lib/python3.10/dist-packages/micro_ros_msgs/__init__.py'...
[10.260s] Listing '/home/sbzrobot/ROS2-Projects/My-ROS2-Humble/microROS/microros_ws/install/micro_ros_msgs/local/lib/python3.10/dist-packages/micro_ros_msgs/msg'...
[10.260s] Compiling '/home/sbzrobot/ROS2-Projects/My-ROS2-Humble/microROS/microros_ws/install/micro_ros_msgs/local/lib/python3.10/dist-packages/micro_ros_msgs/msg/__init__.py'...
[10.260s] Compiling '/home/sbzrobot/ROS2-Projects/My-ROS2-Humble/microROS/microros_ws/install/micro_ros_msgs/local/lib/python3.10/dist-packages/micro_ros_msgs/msg/_entity.py'...
[10.260s] Compiling '/home/sbzrobot/ROS2-Projects/My-ROS2-Humble/microROS/microros_ws/install/micro_ros_msgs/local/lib/python3.10/dist-packages/micro_ros_msgs/msg/_graph.py'...
[10.260s] Compiling '/home/sbzrobot/ROS2-Projects/My-ROS2-Humble/microROS/microros_ws/install/micro_ros_msgs/local/lib/python3.10/dist-packages/micro_ros_msgs/msg/_node.py'...
[10.267s] -- Installing: /home/sbzrobot/ROS2-Projects/My-ROS2-Humble/microROS/microros_ws/install/micro_ros_msgs/local/lib/python3.10/dist-packages/micro_ros_msgs/micro_ros_msgs_s__rosidl_typesupport_fastrtps_c.cpython-310-x86_64-linux-gnu.so
[10.267s] -- Set runtime path of "/home/sbzrobot/ROS2-Projects/My-ROS2-Humble/microROS/microros_ws/install/micro_ros_msgs/local/lib/python3.10/dist-packages/micro_ros_msgs/micro_ros_msgs_s__rosidl_typesupport_fastrtps_c.cpython-310-x86_64-linux-gnu.so" to ""
[10.268s] -- Installing: /home/sbzrobot/ROS2-Projects/My-ROS2-Humble/microROS/microros_ws/install/micro_ros_msgs/local/lib/python3.10/dist-packages/micro_ros_msgs/micro_ros_msgs_s__rosidl_typesupport_introspection_c.cpython-310-x86_64-linux-gnu.so
[10.269s] -- Set runtime path of "/home/sbzrobot/ROS2-Projects/My-ROS2-Humble/microROS/microros_ws/install/micro_ros_msgs/local/lib/python3.10/dist-packages/micro_ros_msgs/micro_ros_msgs_s__rosidl_typesupport_introspection_c.cpython-310-x86_64-linux-gnu.so" to ""
[10.269s] -- Installing: /home/sbzrobot/ROS2-Projects/My-ROS2-Humble/microROS/microros_ws/install/micro_ros_msgs/local/lib/python3.10/dist-packages/micro_ros_msgs/micro_ros_msgs_s__rosidl_typesupport_c.cpython-310-x86_64-linux-gnu.so
[10.270s] -- Set runtime path of "/home/sbzrobot/ROS2-Projects/My-ROS2-Humble/microROS/microros_ws/install/micro_ros_msgs/local/lib/python3.10/dist-packages/micro_ros_msgs/micro_ros_msgs_s__rosidl_typesupport_c.cpython-310-x86_64-linux-gnu.so" to ""
[10.270s] -- Installing: /home/sbzrobot/ROS2-Projects/My-ROS2-Humble/microROS/microros_ws/install/micro_ros_msgs/lib/libmicro_ros_msgs__rosidl_generator_py.so
[10.271s] -- Set runtime path of "/home/sbzrobot/ROS2-Projects/My-ROS2-Humble/microROS/microros_ws/install/micro_ros_msgs/lib/libmicro_ros_msgs__rosidl_generator_py.so" to ""
[10.271s] -- Installing: /home/sbzrobot/ROS2-Projects/My-ROS2-Humble/microROS/microros_ws/install/micro_ros_msgs/share/micro_ros_msgs/msg/Graph.idl
[10.272s] -- Installing: /home/sbzrobot/ROS2-Projects/My-ROS2-Humble/microROS/microros_ws/install/micro_ros_msgs/share/micro_ros_msgs/msg/Node.idl
[10.272s] -- Installing: /home/sbzrobot/ROS2-Projects/My-ROS2-Humble/microROS/microros_ws/install/micro_ros_msgs/share/micro_ros_msgs/msg/Entity.idl
[10.272s] -- Installing: /home/sbzrobot/ROS2-Projects/My-ROS2-Humble/microROS/microros_ws/install/micro_ros_msgs/share/micro_ros_msgs/msg/Graph.msg
[10.272s] -- Installing: /home/sbzrobot/ROS2-Projects/My-ROS2-Humble/microROS/microros_ws/install/micro_ros_msgs/share/micro_ros_msgs/msg/Node.msg
[10.273s] -- Installing: /home/sbzrobot/ROS2-Projects/My-ROS2-Humble/microROS/microros_ws/install/micro_ros_msgs/share/micro_ros_msgs/msg/Entity.msg
[10.273s] -- Installing: /home/sbzrobot/ROS2-Projects/My-ROS2-Humble/microROS/microros_ws/install/micro_ros_msgs/share/ament_index/resource_index/package_run_dependencies/micro_ros_msgs
[10.273s] -- Installing: /home/sbzrobot/ROS2-Projects/My-ROS2-Humble/microROS/microros_ws/install/micro_ros_msgs/share/ament_index/resource_index/parent_prefix_path/micro_ros_msgs
[10.274s] -- Installing: /home/sbzrobot/ROS2-Projects/My-ROS2-Humble/microROS/microros_ws/install/micro_ros_msgs/share/micro_ros_msgs/environment/ament_prefix_path.sh
[10.274s] -- Installing: /home/sbzrobot/ROS2-Projects/My-ROS2-Humble/microROS/microros_ws/install/micro_ros_msgs/share/micro_ros_msgs/environment/ament_prefix_path.dsv
[10.274s] -- Installing: /home/sbzrobot/ROS2-Projects/My-ROS2-Humble/microROS/microros_ws/install/micro_ros_msgs/share/micro_ros_msgs/environment/path.sh
[10.274s] -- Installing: /home/sbzrobot/ROS2-Projects/My-ROS2-Humble/microROS/microros_ws/install/micro_ros_msgs/share/micro_ros_msgs/environment/path.dsv
[10.275s] -- Installing: /home/sbzrobot/ROS2-Projects/My-ROS2-Humble/microROS/microros_ws/install/micro_ros_msgs/share/micro_ros_msgs/local_setup.bash
[10.275s] -- Installing: /home/sbzrobot/ROS2-Projects/My-ROS2-Humble/microROS/microros_ws/install/micro_ros_msgs/share/micro_ros_msgs/local_setup.sh
[10.275s] -- Installing: /home/sbzrobot/ROS2-Projects/My-ROS2-Humble/microROS/microros_ws/install/micro_ros_msgs/share/micro_ros_msgs/local_setup.zsh
[10.275s] -- Installing: /home/sbzrobot/ROS2-Projects/My-ROS2-Humble/microROS/microros_ws/install/micro_ros_msgs/share/micro_ros_msgs/local_setup.dsv
[10.276s] -- Installing: /home/sbzrobot/ROS2-Projects/My-ROS2-Humble/microROS/microros_ws/install/micro_ros_msgs/share/micro_ros_msgs/package.dsv
[10.276s] -- Installing: /home/sbzrobot/ROS2-Projects/My-ROS2-Humble/microROS/microros_ws/install/micro_ros_msgs/share/ament_index/resource_index/packages/micro_ros_msgs
[10.276s] -- Installing: /home/sbzrobot/ROS2-Projects/My-ROS2-Humble/microROS/microros_ws/install/micro_ros_msgs/share/micro_ros_msgs/cmake/export_micro_ros_msgs__rosidl_generator_cExport.cmake
[10.277s] -- Installing: /home/sbzrobot/ROS2-Projects/My-ROS2-Humble/microROS/microros_ws/install/micro_ros_msgs/share/micro_ros_msgs/cmake/export_micro_ros_msgs__rosidl_generator_cExport-noconfig.cmake
[10.277s] -- Installing: /home/sbzrobot/ROS2-Projects/My-ROS2-Humble/microROS/microros_ws/install/micro_ros_msgs/share/micro_ros_msgs/cmake/export_micro_ros_msgs__rosidl_typesupport_fastrtps_cExport.cmake
[10.277s] -- Installing: /home/sbzrobot/ROS2-Projects/My-ROS2-Humble/microROS/microros_ws/install/micro_ros_msgs/share/micro_ros_msgs/cmake/export_micro_ros_msgs__rosidl_typesupport_fastrtps_cExport-noconfig.cmake
[10.278s] -- Installing: /home/sbzrobot/ROS2-Projects/My-ROS2-Humble/microROS/microros_ws/install/micro_ros_msgs/share/micro_ros_msgs/cmake/micro_ros_msgs__rosidl_typesupport_introspection_cExport.cmake
[10.278s] -- Installing: /home/sbzrobot/ROS2-Projects/My-ROS2-Humble/microROS/microros_ws/install/micro_ros_msgs/share/micro_ros_msgs/cmake/micro_ros_msgs__rosidl_typesupport_introspection_cExport-noconfig.cmake
[10.278s] -- Installing: /home/sbzrobot/ROS2-Projects/My-ROS2-Humble/microROS/microros_ws/install/micro_ros_msgs/share/micro_ros_msgs/cmake/micro_ros_msgs__rosidl_typesupport_cExport.cmake
[10.278s] -- Installing: /home/sbzrobot/ROS2-Projects/My-ROS2-Humble/microROS/microros_ws/install/micro_ros_msgs/share/micro_ros_msgs/cmake/micro_ros_msgs__rosidl_typesupport_cExport-noconfig.cmake
[10.279s] -- Installing: /home/sbzrobot/ROS2-Projects/My-ROS2-Humble/microROS/microros_ws/install/micro_ros_msgs/share/micro_ros_msgs/cmake/export_micro_ros_msgs__rosidl_generator_cppExport.cmake
[10.279s] -- Installing: /home/sbzrobot/ROS2-Projects/My-ROS2-Humble/microROS/microros_ws/install/micro_ros_msgs/share/micro_ros_msgs/cmake/export_micro_ros_msgs__rosidl_typesupport_fastrtps_cppExport.cmake
[10.279s] -- Installing: /home/sbzrobot/ROS2-Projects/My-ROS2-Humble/microROS/microros_ws/install/micro_ros_msgs/share/micro_ros_msgs/cmake/export_micro_ros_msgs__rosidl_typesupport_fastrtps_cppExport-noconfig.cmake
[10.280s] -- Installing: /home/sbzrobot/ROS2-Projects/My-ROS2-Humble/microROS/microros_ws/install/micro_ros_msgs/share/micro_ros_msgs/cmake/micro_ros_msgs__rosidl_typesupport_introspection_cppExport.cmake
[10.280s] -- Installing: /home/sbzrobot/ROS2-Projects/My-ROS2-Humble/microROS/microros_ws/install/micro_ros_msgs/share/micro_ros_msgs/cmake/micro_ros_msgs__rosidl_typesupport_introspection_cppExport-noconfig.cmake
[10.280s] -- Installing: /home/sbzrobot/ROS2-Projects/My-ROS2-Humble/microROS/microros_ws/install/micro_ros_msgs/share/micro_ros_msgs/cmake/micro_ros_msgs__rosidl_typesupport_cppExport.cmake
[10.280s] -- Installing: /home/sbzrobot/ROS2-Projects/My-ROS2-Humble/microROS/microros_ws/install/micro_ros_msgs/share/micro_ros_msgs/cmake/micro_ros_msgs__rosidl_typesupport_cppExport-noconfig.cmake
[10.281s] -- Installing: /home/sbzrobot/ROS2-Projects/My-ROS2-Humble/microROS/microros_ws/install/micro_ros_msgs/share/micro_ros_msgs/cmake/export_micro_ros_msgs__rosidl_generator_pyExport.cmake
[10.281s] -- Installing: /home/sbzrobot/ROS2-Projects/My-ROS2-Humble/microROS/microros_ws/install/micro_ros_msgs/share/micro_ros_msgs/cmake/export_micro_ros_msgs__rosidl_generator_pyExport-noconfig.cmake
[10.281s] -- Installing: /home/sbzrobot/ROS2-Projects/My-ROS2-Humble/microROS/microros_ws/install/micro_ros_msgs/share/micro_ros_msgs/cmake/rosidl_cmake-extras.cmake
[10.281s] -- Installing: /home/sbzrobot/ROS2-Projects/My-ROS2-Humble/microROS/microros_ws/install/micro_ros_msgs/share/micro_ros_msgs/cmake/ament_cmake_export_include_directories-extras.cmake
[10.282s] -- Installing: /home/sbzrobot/ROS2-Projects/My-ROS2-Humble/microROS/microros_ws/install/micro_ros_msgs/share/micro_ros_msgs/cmake/ament_cmake_export_libraries-extras.cmake
[10.282s] -- Installing: /home/sbzrobot/ROS2-Projects/My-ROS2-Humble/microROS/microros_ws/install/micro_ros_msgs/share/micro_ros_msgs/cmake/ament_cmake_export_targets-extras.cmake
[10.282s] -- Installing: /home/sbzrobot/ROS2-Projects/My-ROS2-Humble/microROS/microros_ws/install/micro_ros_msgs/share/micro_ros_msgs/cmake/rosidl_cmake_export_typesupport_targets-extras.cmake
[10.282s] -- Installing: /home/sbzrobot/ROS2-Projects/My-ROS2-Humble/microROS/microros_ws/install/micro_ros_msgs/share/micro_ros_msgs/cmake/ament_cmake_export_dependencies-extras.cmake
[10.283s] -- Installing: /home/sbzrobot/ROS2-Projects/My-ROS2-Humble/microROS/microros_ws/install/micro_ros_msgs/share/micro_ros_msgs/cmake/rosidl_cmake_export_typesupport_libraries-extras.cmake
[10.283s] -- Installing: /home/sbzrobot/ROS2-Projects/My-ROS2-Humble/microROS/microros_ws/install/micro_ros_msgs/share/micro_ros_msgs/cmake/micro_ros_msgsConfig.cmake
[10.283s] -- Installing: /home/sbzrobot/ROS2-Projects/My-ROS2-Humble/microROS/microros_ws/install/micro_ros_msgs/share/micro_ros_msgs/cmake/micro_ros_msgsConfig-version.cmake
[10.283s] -- Installing: /home/sbzrobot/ROS2-Projects/My-ROS2-Humble/microROS/microros_ws/install/micro_ros_msgs/share/micro_ros_msgs/package.xml
[10.288s] Invoked command in '/home/sbzrobot/ROS2-Projects/My-ROS2-Humble/microROS/microros_ws/build/micro_ros_msgs' returned '0': CMAKE_PREFIX_PATH=${CMAKE_PREFIX_PATH}:/opt/ros/humble /usr/bin/cmake --install /home/sbzrobot/ROS2-Projects/My-ROS2-Humble/microROS/microros_ws/build/micro_ros_msgs
