[0.018s] Invoking command in '/home/sbzrobot/ROS2-Projects/My-ROS2-Humble/tinybot_ws/build/tinybot_description': CMAKE_PREFIX_PATH=/opt/ros/humble /usr/bin/cmake /home/sbzrobot/ROS2-Projects/My-ROS2-Humble/tinybot_ws/src/tinybot_description -DAMENT_CMAKE_SYMLINK_INSTALL=1 -DCMAKE_INSTALL_PREFIX=/home/sbzrobot/ROS2-Projects/My-ROS2-Humble/tinybot_ws/install/tinybot_description
[0.039s] -- Found ament_cmake: 1.3.11 (/opt/ros/humble/share/ament_cmake/cmake)
[0.239s] -- Override CMake install command with custom implementation using symlinks instead of copying resources
[0.358s] -- Configuring done
[0.363s] -- Generating done
[0.367s] -- Build files have been written to: /home/sbzrobot/ROS2-Projects/My-ROS2-Humble/tinybot_ws/build/tinybot_description
[0.371s] Invoked command in '/home/sbzrobot/ROS2-Projects/My-ROS2-Humble/tinybot_ws/build/tinybot_description' returned '0': CMAKE_PREFIX_PATH=/opt/ros/humble /usr/bin/cmake /home/sbzrobot/ROS2-Projects/My-ROS2-Humble/tinybot_ws/src/tinybot_description -DAMENT_CMAKE_SYMLINK_INSTALL=1 -DCMAKE_INSTALL_PREFIX=/home/sbzrobot/ROS2-Projects/My-ROS2-Humble/tinybot_ws/install/tinybot_description
[0.374s] Invoking command in '/home/sbzrobot/ROS2-Projects/My-ROS2-Humble/tinybot_ws/build/tinybot_description': CMAKE_PREFIX_PATH=/opt/ros/humble /usr/bin/cmake --build /home/sbzrobot/ROS2-Projects/My-ROS2-Humble/tinybot_ws/build/tinybot_description -- -j4 -l4
[0.440s] Invoked command in '/home/sbzrobot/ROS2-Projects/My-ROS2-Humble/tinybot_ws/build/tinybot_description' returned '0': CMAKE_PREFIX_PATH=/opt/ros/humble /usr/bin/cmake --build /home/sbzrobot/ROS2-Projects/My-ROS2-Humble/tinybot_ws/build/tinybot_description -- -j4 -l4
[0.457s] Invoking command in '/home/sbzrobot/ROS2-Projects/My-ROS2-Humble/tinybot_ws/build/tinybot_description': CMAKE_PREFIX_PATH=/opt/ros/humble /usr/bin/cmake --install /home/sbzrobot/ROS2-Projects/My-ROS2-Humble/tinybot_ws/build/tinybot_description
[0.470s] -- Install configuration: ""
[0.471s] -- Execute custom install script
[0.472s] -- Up-to-date symlink: /home/sbzrobot/ROS2-Projects/My-ROS2-Humble/tinybot_ws/install/tinybot_description/share/tinybot_description//urdf/common_configes.xacro
[0.472s] -- Up-to-date symlink: /home/sbzrobot/ROS2-Projects/My-ROS2-Humble/tinybot_ws/install/tinybot_description/share/tinybot_description//urdf/mobile_base.xacro
[0.473s] -- Up-to-date symlink: /home/sbzrobot/ROS2-Projects/My-ROS2-Humble/tinybot_ws/install/tinybot_description/share/tinybot_description//urdf/tinyrobot.urdf.xacro
[0.474s] -- Up-to-date symlink: /home/sbzrobot/ROS2-Projects/My-ROS2-Humble/tinybot_ws/install/tinybot_description/share/tinybot_description//launch/display.launch.py
[0.474s] -- Up-to-date symlink: /home/sbzrobot/ROS2-Projects/My-ROS2-Humble/tinybot_ws/install/tinybot_description/share/tinybot_description//launch/display.launch.xml
[0.474s] -- Up-to-date symlink: /home/sbzrobot/ROS2-Projects/My-ROS2-Humble/tinybot_ws/install/tinybot_description/share/tinybot_description//rviz/tinybot_urdf_config.rviz
[0.475s] -- Up-to-date symlink: /home/sbzrobot/ROS2-Projects/My-ROS2-Humble/tinybot_ws/install/tinybot_description/share/ament_index/resource_index/package_run_dependencies/tinybot_description
[0.475s] -- Up-to-date symlink: /home/sbzrobot/ROS2-Projects/My-ROS2-Humble/tinybot_ws/install/tinybot_description/share/ament_index/resource_index/parent_prefix_path/tinybot_description
[0.476s] -- Up-to-date symlink: /home/sbzrobot/ROS2-Projects/My-ROS2-Humble/tinybot_ws/install/tinybot_description/share/tinybot_description/environment/ament_prefix_path.sh
[0.477s] -- Up-to-date symlink: /home/sbzrobot/ROS2-Projects/My-ROS2-Humble/tinybot_ws/install/tinybot_description/share/tinybot_description/environment/ament_prefix_path.dsv
[0.477s] -- Up-to-date symlink: /home/sbzrobot/ROS2-Projects/My-ROS2-Humble/tinybot_ws/install/tinybot_description/share/tinybot_description/environment/path.sh
[0.478s] -- Up-to-date symlink: /home/sbzrobot/ROS2-Projects/My-ROS2-Humble/tinybot_ws/install/tinybot_description/share/tinybot_description/environment/path.dsv
[0.478s] -- Up-to-date symlink: /home/sbzrobot/ROS2-Projects/My-ROS2-Humble/tinybot_ws/install/tinybot_description/share/tinybot_description/local_setup.bash
[0.478s] -- Up-to-date symlink: /home/sbzrobot/ROS2-Projects/My-ROS2-Humble/tinybot_ws/install/tinybot_description/share/tinybot_description/local_setup.sh
[0.478s] -- Up-to-date symlink: /home/sbzrobot/ROS2-Projects/My-ROS2-Humble/tinybot_ws/install/tinybot_description/share/tinybot_description/local_setup.zsh
[0.479s] -- Up-to-date symlink: /home/sbzrobot/ROS2-Projects/My-ROS2-Humble/tinybot_ws/install/tinybot_description/share/tinybot_description/local_setup.dsv
[0.479s] -- Symlinking: /home/sbzrobot/ROS2-Projects/My-ROS2-Humble/tinybot_ws/install/tinybot_description/share/tinybot_description/package.dsv
[0.497s] -- Up-to-date symlink: /home/sbzrobot/ROS2-Projects/My-ROS2-Humble/tinybot_ws/install/tinybot_description/share/ament_index/resource_index/packages/tinybot_description
[0.498s] -- Up-to-date symlink: /home/sbzrobot/ROS2-Projects/My-ROS2-Humble/tinybot_ws/install/tinybot_description/share/tinybot_description/cmake/tinybot_descriptionConfig.cmake
[0.498s] -- Up-to-date symlink: /home/sbzrobot/ROS2-Projects/My-ROS2-Humble/tinybot_ws/install/tinybot_description/share/tinybot_description/cmake/tinybot_descriptionConfig-version.cmake
[0.498s] -- Up-to-date symlink: /home/sbzrobot/ROS2-Projects/My-ROS2-Humble/tinybot_ws/install/tinybot_description/share/tinybot_description/package.xml
[0.503s] Invoked command in '/home/sbzrobot/ROS2-Projects/My-ROS2-Humble/tinybot_ws/build/tinybot_description' returned '0': CMAKE_PREFIX_PATH=/opt/ros/humble /usr/bin/cmake --install /home/sbzrobot/ROS2-Projects/My-ROS2-Humble/tinybot_ws/build/tinybot_description
