[0.017s] Invoking command in '/home/sbzrobot/ROS2-Projects/My-ROS2-Humble/tinybot_ws/build/tinybot_bringup': AMENT_PREFIX_PATH=/home/sbzrobot/ROS2-Projects/My-ROS2-Humble/tinybot_ws/install/tinybot_description:${AMENT_PREFIX_PATH} CMAKE_PREFIX_PATH=/home/sbzrobot/ROS2-Projects/My-ROS2-Humble/tinybot_ws/install/tinybot_description:/opt/ros/humble /usr/bin/cmake /home/sbzrobot/ROS2-Projects/My-ROS2-Humble/tinybot_ws/src/tinybot_bringup -DCMAKE_INSTALL_PREFIX=/home/sbzrobot/ROS2-Projects/My-ROS2-Humble/tinybot_ws/install/tinybot_bringup
[0.159s] -- The C compiler identification is GNU 11.4.0
[0.290s] -- The CXX compiler identification is GNU 11.4.0
[0.306s] -- Detecting C compiler ABI info
[0.453s] -- Detecting C compiler ABI info - done
[0.474s] -- Check for working C compiler: /usr/bin/cc - skipped
[0.475s] -- Detecting C compile features
[0.478s] -- Detecting C compile features - done
[0.486s] -- Detecting CXX compiler ABI info
[0.626s] -- Detecting CXX compiler ABI info - done
[0.638s] -- Check for working CXX compiler: /usr/bin/c++ - skipped
[0.638s] -- Detecting CXX compile features
[0.639s] -- Detecting CXX compile features - done
[0.654s] -- Found ament_cmake: 1.3.11 (/opt/ros/humble/share/ament_cmake/cmake)
[0.897s] -- Found Python3: /usr/bin/python3 (found version "3.10.12") found components: Interpreter 
[1.166s] -- Configuring done
[1.172s] -- Generating done
[1.176s] -- Build files have been written to: /home/sbzrobot/ROS2-Projects/My-ROS2-Humble/tinybot_ws/build/tinybot_bringup
[1.184s] Invoked command in '/home/sbzrobot/ROS2-Projects/My-ROS2-Humble/tinybot_ws/build/tinybot_bringup' returned '0': AMENT_PREFIX_PATH=/home/sbzrobot/ROS2-Projects/My-ROS2-Humble/tinybot_ws/install/tinybot_description:${AMENT_PREFIX_PATH} CMAKE_PREFIX_PATH=/home/sbzrobot/ROS2-Projects/My-ROS2-Humble/tinybot_ws/install/tinybot_description:/opt/ros/humble /usr/bin/cmake /home/sbzrobot/ROS2-Projects/My-ROS2-Humble/tinybot_ws/src/tinybot_bringup -DCMAKE_INSTALL_PREFIX=/home/sbzrobot/ROS2-Projects/My-ROS2-Humble/tinybot_ws/install/tinybot_bringup
[1.187s] Invoking command in '/home/sbzrobot/ROS2-Projects/My-ROS2-Humble/tinybot_ws/build/tinybot_bringup': AMENT_PREFIX_PATH=/home/sbzrobot/ROS2-Projects/My-ROS2-Humble/tinybot_ws/install/tinybot_description:${AMENT_PREFIX_PATH} CMAKE_PREFIX_PATH=/home/sbzrobot/ROS2-Projects/My-ROS2-Humble/tinybot_ws/install/tinybot_description:/opt/ros/humble /usr/bin/cmake --build /home/sbzrobot/ROS2-Projects/My-ROS2-Humble/tinybot_ws/build/tinybot_bringup -- -j4 -l4
[1.254s] Invoked command in '/home/sbzrobot/ROS2-Projects/My-ROS2-Humble/tinybot_ws/build/tinybot_bringup' returned '0': AMENT_PREFIX_PATH=/home/sbzrobot/ROS2-Projects/My-ROS2-Humble/tinybot_ws/install/tinybot_description:${AMENT_PREFIX_PATH} CMAKE_PREFIX_PATH=/home/sbzrobot/ROS2-Projects/My-ROS2-Humble/tinybot_ws/install/tinybot_description:/opt/ros/humble /usr/bin/cmake --build /home/sbzrobot/ROS2-Projects/My-ROS2-Humble/tinybot_ws/build/tinybot_bringup -- -j4 -l4
[1.258s] Invoking command in '/home/sbzrobot/ROS2-Projects/My-ROS2-Humble/tinybot_ws/build/tinybot_bringup': AMENT_PREFIX_PATH=/home/sbzrobot/ROS2-Projects/My-ROS2-Humble/tinybot_ws/install/tinybot_description:${AMENT_PREFIX_PATH} CMAKE_PREFIX_PATH=/home/sbzrobot/ROS2-Projects/My-ROS2-Humble/tinybot_ws/install/tinybot_description:/opt/ros/humble /usr/bin/cmake --install /home/sbzrobot/ROS2-Projects/My-ROS2-Humble/tinybot_ws/build/tinybot_bringup
[1.271s] -- Install configuration: ""
[1.271s] -- Installing: /home/sbzrobot/ROS2-Projects/My-ROS2-Humble/tinybot_ws/install/tinybot_bringup/share/tinybot_bringup//launch
[1.271s] -- Installing: /home/sbzrobot/ROS2-Projects/My-ROS2-Humble/tinybot_ws/install/tinybot_bringup/share/tinybot_bringup//launch/tinyrobot_gazebo.launch.xml
[1.271s] -- Installing: /home/sbzrobot/ROS2-Projects/My-ROS2-Humble/tinybot_ws/install/tinybot_bringup/share/ament_index/resource_index/package_run_dependencies/tinybot_bringup
[1.272s] -- Installing: /home/sbzrobot/ROS2-Projects/My-ROS2-Humble/tinybot_ws/install/tinybot_bringup/share/ament_index/resource_index/parent_prefix_path/tinybot_bringup
[1.272s] -- Installing: /home/sbzrobot/ROS2-Projects/My-ROS2-Humble/tinybot_ws/install/tinybot_bringup/share/tinybot_bringup/environment/ament_prefix_path.sh
[1.273s] -- Installing: /home/sbzrobot/ROS2-Projects/My-ROS2-Humble/tinybot_ws/install/tinybot_bringup/share/tinybot_bringup/environment/ament_prefix_path.dsv
[1.273s] -- Installing: /home/sbzrobot/ROS2-Projects/My-ROS2-Humble/tinybot_ws/install/tinybot_bringup/share/tinybot_bringup/environment/path.sh
[1.273s] -- Installing: /home/sbzrobot/ROS2-Projects/My-ROS2-Humble/tinybot_ws/install/tinybot_bringup/share/tinybot_bringup/environment/path.dsv
[1.274s] -- Installing: /home/sbzrobot/ROS2-Projects/My-ROS2-Humble/tinybot_ws/install/tinybot_bringup/share/tinybot_bringup/local_setup.bash
[1.274s] -- Installing: /home/sbzrobot/ROS2-Projects/My-ROS2-Humble/tinybot_ws/install/tinybot_bringup/share/tinybot_bringup/local_setup.sh
[1.274s] -- Installing: /home/sbzrobot/ROS2-Projects/My-ROS2-Humble/tinybot_ws/install/tinybot_bringup/share/tinybot_bringup/local_setup.zsh
[1.275s] -- Installing: /home/sbzrobot/ROS2-Projects/My-ROS2-Humble/tinybot_ws/install/tinybot_bringup/share/tinybot_bringup/local_setup.dsv
[1.275s] -- Installing: /home/sbzrobot/ROS2-Projects/My-ROS2-Humble/tinybot_ws/install/tinybot_bringup/share/tinybot_bringup/package.dsv
[1.275s] -- Installing: /home/sbzrobot/ROS2-Projects/My-ROS2-Humble/tinybot_ws/install/tinybot_bringup/share/ament_index/resource_index/packages/tinybot_bringup
[1.276s] -- Installing: /home/sbzrobot/ROS2-Projects/My-ROS2-Humble/tinybot_ws/install/tinybot_bringup/share/tinybot_bringup/cmake/tinybot_bringupConfig.cmake
[1.276s] -- Installing: /home/sbzrobot/ROS2-Projects/My-ROS2-Humble/tinybot_ws/install/tinybot_bringup/share/tinybot_bringup/cmake/tinybot_bringupConfig-version.cmake
[1.276s] -- Installing: /home/sbzrobot/ROS2-Projects/My-ROS2-Humble/tinybot_ws/install/tinybot_bringup/share/tinybot_bringup/package.xml
[1.280s] Invoked command in '/home/sbzrobot/ROS2-Projects/My-ROS2-Humble/tinybot_ws/build/tinybot_bringup' returned '0': AMENT_PREFIX_PATH=/home/sbzrobot/ROS2-Projects/My-ROS2-Humble/tinybot_ws/install/tinybot_description:${AMENT_PREFIX_PATH} CMAKE_PREFIX_PATH=/home/sbzrobot/ROS2-Projects/My-ROS2-Humble/tinybot_ws/install/tinybot_description:/opt/ros/humble /usr/bin/cmake --install /home/sbzrobot/ROS2-Projects/My-ROS2-Humble/tinybot_ws/build/tinybot_bringup
